0001_0050_0051_0034_0034.jpg 1 50 51 34 34
0002_0008_0023_0066_0066.jpg 1 8 23 66 66
0003_0023_0022_0065_0065.jpg 1 23 22 65 65
0004_0017_0044_0050_0050.jpg 1 17 44 50 50
0005_0048_0056_0036_0036.jpg 1 48 56 36 36
0006_0020_0034_0056_0056.jpg 1 20 34 56 56
0007_0005_0012_0049_0049.jpg 1 5 12 49 49
0008_0034_0042_0044_0044.jpg 1 34 42 44 44
0009_0019_0020_0029_0029.jpg 1 19 20 29 29
0010_0014_0041_0034_0034.jpg 1 14 41 34 34
0011_0007_0007_0068_0068.jpg 1 7 7 68 68
0012_0009_0016_0038_0038.jpg 1 9 16 38 38
0013_0053_0024_0028_0028.jpg 1 53 24 28 28
0014_0033_0041_0038_0038.jpg 1 33 41 38 38
0015_0027_0033_0052_0052.jpg 1 27 33 52 52
0016_0042_0036_0048_0048.jpg 1 42 36 48 48
0017_0019_0017_0028_0028.jpg 1 19 17 28 28
0018_0029_0004_0066_0066.jpg 1 29 4 66 66
0019_0023_0028_0054_0054.jpg 1 23 28 54 54
0020_0029_0028_0054_0054.jpg 1 29 28 54 54
0021_0020_0022_0031_0031.jpg 1 20 22 31 31
0022_0021_0022_0064_0064.jpg 1 21 22 64 64
0023_0026_0020_0064_0064.jpg 1 26 20 64 64
0024_0025_0030_0059_0059.jpg 1 25 30 59 59
0025_0027_0004_0065_0065.jpg 1 27 4 65 65
0026_0028_0028_0068_0068.jpg 1 28 28 68 68
0027_0024_0015_0050_0050.jpg 1 24 15 50 50
0028_0015_0009_0064_0064.jpg 1 15 9 64 64
0029_0038_0007_0043_0043.jpg 1 38 7 43 43
0030_0025_0032_0061_0061.jpg 1 25 32 61 61
0031_0016_0013_0062_0062.jpg 1 16 13 62 62
0032_0006_0019_0062_0062.jpg 1 6 19 62 62
0033_0010_0022_0069_0069.jpg 1 10 22 69 69
0034_0051_0011_0030_0030.jpg 1 51 11 30 30
0035_0010_0038_0026_0026.jpg 1 10 38 26 26
0036_0020_0043_0049_0049.jpg 1 20 43 49 49
0037_0030_0055_0036_0036.jpg 1 30 55 36 36
0038_0010_0013_0057_0057.jpg 1 10 13 57 57
0039_0008_0027_0035_0035.jpg 1 8 27 35 35
0040_0012_0014_0059_0059.jpg 1 12 14 59 59
0041_0019_0006_0046_0046.jpg 1 19 6 46 46
0042_0045_0022_0047_0047.jpg 1 45 22 47 47
0043_0059_0035_0028_0028.jpg 1 59 35 28 28
0044_0034_0019_0061_0061.jpg 1 34 19 61 61
0045_0013_0013_0027_0027.jpg 1 13 13 27 27
0046_0015_0025_0027_0027.jpg 1 15 25 27 27
0047_0030_0023_0064_0064.jpg 1 30 23 64 64
0048_0054_0011_0026_0026.jpg 1 54 11 26 26
0049_0014_0004_0065_0065.jpg 1 14 4 65 65
0050_0016_0005_0066_0066.jpg 1 16 5 66 66
0051_0004_0023_0061_0061.jpg 1 4 23 61 61
0052_0010_0005_0064_0064.jpg 1 10 5 64 64
0053_0016_0042_0040_0040.jpg 1 16 42 40 40
0054_0058_0054_0034_0034.jpg 1 58 54 34 34
0055_0012_0023_0069_0069.jpg 1 12 23 69 69
0056_0051_0045_0033_0033.jpg 1 51 45 33 33
0057_0049_0052_0031_0031.jpg 1 49 52 31 31
0058_0025_0035_0034_0034.jpg 1 25 35 34 34
0059_0041_0007_0035_0035.jpg 1 41 7 35 35
0060_0032_0007_0057_0057.jpg 1 32 7 57 57
0061_0026_0016_0060_0060.jpg 1 26 16 60 60
0062_0061_0051_0027_0027.jpg 1 61 51 27 27
0063_0041_0019_0050_0050.jpg 1 41 19 50 50
0064_0011_0025_0067_0067.jpg 1 11 25 67 67
0065_0030_0026_0037_0037.jpg 1 30 26 37 37
0066_0024_0016_0064_0064.jpg 1 24 16 64 64
0067_0016_0026_0068_0068.jpg 1 16 26 68 68
0068_0022_0024_0065_0065.jpg 1 22 24 65 65
0069_0043_0029_0046_0046.jpg 1 43 29 46 46
0070_0011_0024_0068_0068.jpg 1 11 24 68 68
0071_0025_0039_0030_0030.jpg 1 25 39 30 30
0072_0033_0022_0061_0061.jpg 1 33 22 61 61
0073_0016_0011_0064_0064.jpg 1 16 11 64 64
0074_0014_0034_0024_0024.jpg 1 14 34 24 24
0075_0009_0046_0044_0044.jpg 1 9 46 44 44
0076_0015_0024_0049_0049.jpg 1 15 24 49 49
0077_0025_0013_0062_0062.jpg 1 25 13 62 62
0078_0019_0010_0061_0061.jpg 1 19 10 61 61
0079_0023_0021_0029_0029.jpg 1 23 21 29 29
0080_0024_0022_0040_0040.jpg 1 24 22 40 40
0081_0054_0034_0028_0028.jpg 1 54 34 28 28
0082_0053_0014_0037_0037.jpg 1 53 14 37 37
0083_0016_0042_0051_0051.jpg 1 16 42 51 51
0084_0029_0047_0040_0040.jpg 1 29 47 40 40
0085_0032_0018_0043_0043.jpg 1 32 18 43 43
0086_0050_0022_0030_0030.jpg 1 50 22 30 30
0087_0034_0041_0030_0030.jpg 1 34 41 30 30
0088_0005_0024_0064_0064.jpg 1 5 24 64 64
0089_0028_0009_0041_0041.jpg 1 28 9 41 41
0090_0011_0011_0039_0039.jpg 1 11 11 39 39
0091_0004_0021_0053_0053.jpg 1 4 21 53 53
0092_0023_0016_0061_0061.jpg 1 23 16 61 61
0093_0028_0026_0048_0048.jpg 1 28 26 48 48
0094_0039_0024_0043_0043.jpg 1 39 24 43 43
0095_0053_0034_0030_0030.jpg 1 53 34 30 30
0096_0031_0009_0051_0051.jpg 1 31 9 51 51
0097_0048_0031_0042_0042.jpg 1 48 31 42 42
0098_0007_0052_0031_0031.jpg 1 7 52 31 31
0099_0030_0005_0058_0058.jpg 1 30 5 58 58
0100_0045_0014_0024_0024.jpg 1 45 14 24 24
0101_0051_0019_0042_0042.jpg 1 51 19 42 42
0102_0018_0038_0034_0034.jpg 1 18 38 34 34
0103_0019_0014_0046_0046.jpg 1 19 14 46 46
0104_0059_0030_0029_0029.jpg 1 59 30 29 29
0105_0011_0023_0066_0066.jpg 1 11 23 66 66
0106_0017_0013_0061_0061.jpg 1 17 13 61 61
0107_0025_0004_0059_0059.jpg 1 25 4 59 59
0108_0033_0032_0052_0052.jpg 1 33 32 52 52
0109_0015_0057_0031_0031.jpg 1 15 57 31 31
0110_0044_0043_0036_0036.jpg 1 44 43 36 36
0111_0021_0038_0038_0038.jpg 1 21 38 38 38
0112_0032_0057_0024_0024.jpg 1 32 57 24 24
0113_0044_0058_0029_0029.jpg 1 44 58 29 29
0114_0039_0020_0034_0034.jpg 1 39 20 34 34
0115_0061_0062_0026_0026.jpg 1 61 62 26 26
0116_0027_0017_0061_0061.jpg 1 27 17 61 61
0117_0024_0023_0040_0040.jpg 1 24 23 40 40
0118_0018_0014_0053_0053.jpg 1 18 14 53 53
0119_0018_0037_0037_0037.jpg 1 18 37 37 37
0120_0041_0027_0054_0054.jpg 1 41 27 54 54
0121_0041_0036_0052_0052.jpg 1 41 36 52 52
0122_0008_0031_0057_0057.jpg 1 8 31 57 57
0123_0008_0028_0050_0050.jpg 1 8 28 50 50
0124_0032_0049_0041_0041.jpg 1 32 49 41 41
0125_0009_0018_0056_0056.jpg 1 9 18 56 56
0126_0033_0038_0055_0055.jpg 1 33 38 55 55
0127_0043_0010_0025_0025.jpg 1 43 10 25 25
0128_0020_0015_0068_0068.jpg 1 20 15 68 68
0129_0032_0027_0024_0024.jpg 1 32 27 24 24
0130_0030_0019_0058_0058.jpg 1 30 19 58 58
0131_0014_0047_0044_0044.jpg 1 14 47 44 44
0132_0015_0014_0047_0047.jpg 1 15 14 47 47
0133_0055_0025_0031_0031.jpg 1 55 25 31 31
0134_0030_0019_0054_0054.jpg 1 30 19 54 54
0135_0013_0024_0064_0064.jpg 1 13 24 64 64
0136_0019_0024_0069_0069.jpg 1 19 24 69 69
0137_0034_0019_0059_0059.jpg 1 34 19 59 59
0138_0044_0028_0044_0044.jpg 1 44 28 44 44
0139_0018_0047_0034_0034.jpg 1 18 47 34 34
0140_0010_0020_0062_0062.jpg 1 10 20 62 62
0141_0062_0020_0027_0027.jpg 1 62 20 27 27
0142_0014_0033_0061_0061.jpg 1 14 33 61 61
0143_0028_0006_0058_0058.jpg 1 28 6 58 58
0144_0038_0016_0047_0047.jpg 1 38 16 47 47
0145_0030_0037_0026_0026.jpg 1 30 37 26 26
0146_0017_0003_0066_0066.jpg 1 17 3 66 66
0147_0019_0019_0068_0068.jpg 1 19 19 68 68
0148_0012_0012_0066_0066.jpg 1 12 12 66 66
0149_0015_0032_0031_0031.jpg 1 15 32 31 31
0150_0012_0023_0024_0024.jpg 1 12 23 24 24
0151_0007_0005_0057_0057.jpg 1 7 5 57 57
0152_0006_0018_0046_0046.jpg 1 6 18 46 46
0153_0038_0011_0056_0056.jpg 1 38 11 56 56
0154_0034_0016_0060_0060.jpg 1 34 16 60 60
0155_0009_0017_0061_0061.jpg 1 9 17 61 61
0156_0017_0016_0051_0051.jpg 1 17 16 51 51
0157_0042_0048_0032_0032.jpg 1 42 48 32 32
0158_0043_0049_0042_0042.jpg 1 43 49 42 42
0159_0044_0046_0035_0035.jpg 1 44 46 35 35
0160_0023_0035_0040_0040.jpg 1 23 35 40 40
0161_0028_0027_0046_0046.jpg 1 28 27 46 46
0162_0005_0016_0057_0057.jpg 1 5 16 57 57
0163_0017_0014_0043_0043.jpg 1 17 14 43 43
0164_0033_0017_0024_0024.jpg 1 33 17 24 24
0165_0025_0066_0025_0025.jpg 1 25 66 25 25
0166_0023_0013_0063_0063.jpg 1 23 13 63 63
0167_0019_0026_0060_0060.jpg 1 19 26 60 60
0168_0040_0027_0050_0050.jpg 1 40 27 50 50
0169_0014_0030_0049_0049.jpg 1 14 30 49 49
0170_0047_0019_0046_0046.jpg 1 47 19 46 46
0171_0038_0006_0044_0044.jpg 1 38 6 44 44
0172_0022_0010_0064_0064.jpg 1 22 10 64 64
0173_0020_0049_0044_0044.jpg 1 20 49 44 44
0174_0023_0035_0058_0058.jpg 1 23 35 58 58
0175_0016_0009_0069_0069.jpg 1 16 9 69 69
0176_0016_0005_0065_0065.jpg 1 16 5 65 65
0177_0029_0024_0059_0059.jpg 1 29 24 59 59
0178_0029_0030_0057_0057.jpg 1 29 30 57 57
0179_0018_0014_0026_0026.jpg 1 18 14 26 26
0180_0051_0033_0042_0042.jpg 1 51 33 42 42
0181_0009_0030_0028_0028.jpg 1 9 30 28 28
0182_0012_0045_0043_0043.jpg 1 12 45 43 43
0183_0023_0026_0067_0067.jpg 1 23 26 67 67
0184_0028_0029_0058_0058.jpg 1 28 29 58 58
0185_0046_0030_0037_0037.jpg 1 46 30 37 37
0186_0010_0039_0054_0054.jpg 1 10 39 54 54
0187_0049_0037_0044_0044.jpg 1 49 37 44 44
0188_0010_0005_0061_0061.jpg 1 10 5 61 61
0189_0018_0004_0061_0061.jpg 1 18 4 61 61
0190_0048_0022_0042_0042.jpg 1 48 22 42 42
0191_0020_0004_0062_0062.jpg 1 20 4 62 62
0192_0025_0003_0069_0069.jpg 1 25 3 69 69
0193_0010_0015_0068_0068.jpg 1 10 15 68 68
0194_0016_0036_0050_0050.jpg 1 16 36 50 50
0195_0032_0026_0046_0046.jpg 1 32 26 46 46
0196_0036_0035_0058_0058.jpg 1 36 35 58 58
0197_0039_0032_0035_0035.jpg 1 39 32 35 35
0198_0026_0006_0058_0058.jpg 1 26 6 58 58
0199_0020_0033_0055_0055.jpg 1 20 33 55 55
0200_0028_0012_0067_0067.jpg 1 28 12 67 67
0201_0014_0014_0063_0063.jpg 1 14 14 63 63
0202_0029_0054_0038_0038.jpg 1 29 54 38 38
0203_0055_0027_0035_0035.jpg 1 55 27 35 35
0204_0007_0019_0037_0037.jpg 1 7 19 37 37
0205_0015_0054_0030_0030.jpg 1 15 54 30 30
0206_0024_0022_0060_0060.jpg 1 24 22 60 60
0207_0007_0009_0058_0058.jpg 1 7 9 58 58
0208_0064_0023_0026_0026.jpg 1 64 23 26 26
0209_0018_0060_0031_0031.jpg 1 18 60 31 31
0210_0018_0026_0051_0051.jpg 1 18 26 51 51
0211_0044_0024_0050_0050.jpg 1 44 24 50 50
0212_0011_0007_0050_0050.jpg 1 11 7 50 50
0213_0032_0033_0044_0044.jpg 1 32 33 44 44
0214_0018_0013_0068_0068.jpg 1 18 13 68 68
0215_0012_0023_0061_0061.jpg 1 12 23 61 61
0216_0030_0022_0060_0060.jpg 1 30 22 60 60
0217_0042_0009_0034_0034.jpg 1 42 9 34 34
0218_0027_0028_0052_0052.jpg 1 27 28 52 52
0219_0037_0010_0057_0057.jpg 1 37 10 57 57
0220_0005_0026_0054_0054.jpg 1 5 26 54 54
0221_0009_0007_0055_0055.jpg 1 9 7 55 55
0222_0007_0040_0051_0051.jpg 1 7 40 51 51
0223_0016_0011_0038_0038.jpg 1 16 11 38 38
0224_0032_0017_0024_0024.jpg 1 32 17 24 24
0225_0017_0010_0069_0069.jpg 1 17 10 69 69
0226_0066_0062_0025_0025.jpg 1 66 62 25 25
0227_0029_0055_0027_0027.jpg 1 29 55 27 27
0228_0032_0015_0048_0048.jpg 1 32 15 48 48
0229_0025_0011_0061_0061.jpg 1 25 11 61 61
0230_0041_0061_0027_0027.jpg 1 41 61 27 27
0231_0025_0014_0027_0027.jpg 1 25 14 27 27
0232_0047_0012_0030_0030.jpg 1 47 12 30 30
0233_0059_0015_0034_0034.jpg 1 59 15 34 34
0234_0050_0006_0038_0038.jpg 1 50 6 38 38
0235_0035_0011_0047_0047.jpg 1 35 11 47 47
0236_0022_0019_0026_0026.jpg 1 22 19 26 26
0237_0017_0009_0032_0032.jpg 1 17 9 32 32
0238_0022_0004_0064_0064.jpg 1 22 4 64 64
0239_0009_0037_0049_0049.jpg 1 9 37 49 49
0240_0019_0026_0058_0058.jpg 1 19 26 58 58
0241_0007_0050_0042_0042.jpg 1 7 50 42 42
0242_0037_0037_0029_0029.jpg 1 37 37 29 29
0243_0050_0042_0031_0031.jpg 1 50 42 31 31
0244_0038_0028_0054_0054.jpg 1 38 28 54 54
0245_0045_0028_0049_0049.jpg 1 45 28 49 49
0246_0040_0029_0040_0040.jpg 1 40 29 40 40
0247_0064_0043_0024_0024.jpg 1 64 43 24 24
0248_0040_0024_0055_0055.jpg 1 40 24 55 55
0249_0011_0026_0058_0058.jpg 1 11 26 58 58
0250_0049_0014_0033_0033.jpg 1 49 14 33 33
0251_0007_0025_0061_0061.jpg 1 7 25 61 61
0252_0058_0064_0027_0027.jpg 1 58 64 27 27
0253_0004_0004_0062_0062.jpg 1 4 4 62 62
0254_0012_0048_0035_0035.jpg 1 12 48 35 35
0255_0024_0008_0067_0067.jpg 1 24 8 67 67
0256_0009_0052_0028_0028.jpg 1 9 52 28 28
0257_0013_0025_0058_0058.jpg 1 13 25 58 58
0258_0016_0020_0053_0053.jpg 1 16 20 53 53
0259_0016_0029_0067_0067.jpg 1 16 29 67 67
0260_0023_0015_0042_0042.jpg 1 23 15 42 42
0261_0032_0053_0040_0040.jpg 1 32 53 40 40
0262_0025_0016_0037_0037.jpg 1 25 16 37 37
0263_0028_0024_0055_0055.jpg 1 28 24 55 55
0264_0005_0015_0068_0068.jpg 1 5 15 68 68
0265_0027_0026_0050_0050.jpg 1 27 26 50 50
0266_0009_0025_0061_0061.jpg 1 9 25 61 61
0267_0008_0022_0060_0060.jpg 1 8 22 60 60
0268_0019_0010_0066_0066.jpg 1 19 10 66 66
0269_0037_0014_0053_0053.jpg 1 37 14 53 53
0270_0010_0020_0045_0045.jpg 1 10 20 45 45
0271_0007_0005_0053_0053.jpg 1 7 5 53 53
0272_0008_0018_0067_0067.jpg 1 8 18 67 67
0273_0016_0021_0060_0060.jpg 1 16 21 60 60
0274_0021_0020_0038_0038.jpg 1 21 20 38 38
0275_0008_0029_0060_0060.jpg 1 8 29 60 60
0276_0043_0039_0039_0039.jpg 1 43 39 39 39
0277_0026_0012_0051_0051.jpg 1 26 12 51 51
0278_0041_0011_0039_0039.jpg 1 41 11 39 39
0279_0031_0010_0056_0056.jpg 1 31 10 56 56
0280_0017_0014_0060_0060.jpg 1 17 14 60 60
0281_0027_0017_0055_0055.jpg 1 27 17 55 55
0282_0008_0019_0068_0068.jpg 1 8 19 68 68
0283_0011_0044_0040_0040.jpg 1 11 44 40 40
0284_0065_0024_0027_0027.jpg 1 65 24 27 27
0285_0011_0032_0027_0027.jpg 1 11 32 27 27
0286_0031_0017_0024_0024.jpg 1 31 17 24 24
0287_0025_0029_0040_0040.jpg 1 25 29 40 40
0288_0028_0018_0054_0054.jpg 1 28 18 54 54
0289_0062_0023_0029_0029.jpg 1 62 23 29 29
0290_0013_0011_0066_0066.jpg 1 13 11 66 66
0291_0018_0009_0046_0046.jpg 1 18 9 46 46
0292_0017_0048_0024_0024.jpg 1 17 48 24 24
0293_0024_0021_0068_0068.jpg 1 24 21 68 68
0294_0034_0014_0049_0049.jpg 1 34 14 49 49
0295_0016_0011_0065_0065.jpg 1 16 11 65 65
0296_0008_0045_0037_0037.jpg 1 8 45 37 37
0297_0040_0015_0054_0054.jpg 1 40 15 54 54
0298_0028_0006_0042_0042.jpg 1 28 6 42 42
0299_0010_0003_0067_0067.jpg 1 10 3 67 67
0300_0023_0034_0031_0031.jpg 1 23 34 31 31
0301_0008_0038_0030_0030.jpg 1 8 38 30 30
0302_0058_0025_0031_0031.jpg 1 58 25 31 31
0303_0043_0018_0050_0050.jpg 1 43 18 50 50
0304_0056_0042_0028_0028.jpg 1 56 42 28 28
0305_0045_0029_0038_0038.jpg 1 45 29 38 38
0306_0012_0020_0063_0063.jpg 1 12 20 63 63
0307_0009_0031_0046_0046.jpg 1 9 31 46 46
0308_0020_0055_0027_0027.jpg 1 20 55 27 27
0309_0034_0035_0037_0037.jpg 1 34 35 37 37
0310_0011_0008_0060_0060.jpg 1 11 8 60 60
0311_0010_0021_0052_0052.jpg 1 10 21 52 52
0312_0015_0011_0028_0028.jpg 1 15 11 28 28
0313_0017_0019_0044_0044.jpg 1 17 19 44 44
0314_0037_0010_0024_0024.jpg 1 37 10 24 24
0315_0029_0037_0054_0054.jpg 1 29 37 54 54
0316_0034_0015_0031_0031.jpg 1 34 15 31 31
0317_0040_0026_0037_0037.jpg 1 40 26 37 37
0318_0006_0030_0047_0047.jpg 1 6 30 47 47
0319_0007_0049_0032_0032.jpg 1 7 49 32 32
0320_0034_0056_0029_0029.jpg 1 34 56 29 29
0321_0020_0026_0068_0068.jpg 1 20 26 68 68
0322_0043_0011_0032_0032.jpg 1 43 11 32 32
0323_0015_0016_0058_0058.jpg 1 15 16 58 58
0324_0008_0056_0024_0024.jpg 1 8 56 24 24
0325_0015_0025_0033_0033.jpg 1 15 25 33 33
0326_0037_0023_0055_0055.jpg 1 37 23 55 55
0327_0060_0055_0025_0025.jpg 1 60 55 25 25
0328_0006_0026_0041_0041.jpg 1 6 26 41 41
0329_0014_0019_0068_0068.jpg 1 14 19 68 68
0330_0042_0034_0048_0048.jpg 1 42 34 48 48
0331_0028_0035_0056_0056.jpg 1 28 35 56 56
0332_0025_0034_0052_0052.jpg 1 25 34 52 52
0333_0011_0012_0027_0027.jpg 1 11 12 27 27
0334_0046_0018_0029_0029.jpg 1 46 18 29 29
0335_0043_0025_0035_0035.jpg 1 43 25 35 35
0336_0019_0006_0045_0045.jpg 1 19 6 45 45
0337_0038_0021_0037_0037.jpg 1 38 21 37 37
0338_0017_0057_0034_0034.jpg 1 17 57 34 34
0339_0041_0035_0028_0028.jpg 1 41 35 28 28
0340_0011_0013_0057_0057.jpg 1 11 13 57 57
0341_0052_0041_0037_0037.jpg 1 52 41 37 37
0342_0031_0008_0045_0045.jpg 1 31 8 45 45
0343_0036_0008_0056_0056.jpg 1 36 8 56 56
0344_0029_0056_0031_0031.jpg 1 29 56 31 31
0345_0016_0015_0052_0052.jpg 1 16 15 52 52
0346_0009_0032_0032_0032.jpg 1 9 32 32 32
0347_0023_0032_0060_0060.jpg 1 23 32 60 60
0348_0042_0017_0034_0034.jpg 1 42 17 34 34
0349_0011_0015_0064_0064.jpg 1 11 15 64 64
0350_0026_0010_0035_0035.jpg 1 26 10 35 35
0351_0025_0009_0067_0067.jpg 1 25 9 67 67
0352_0033_0033_0062_0062.jpg 1 33 33 62 62
0353_0062_0033_0029_0029.jpg 1 62 33 29 29
0354_0036_0031_0046_0046.jpg 1 36 31 46 46
0355_0014_0034_0038_0038.jpg 1 14 34 38 38
0356_0009_0047_0034_0034.jpg 1 9 47 34 34
0357_0057_0019_0032_0032.jpg 1 57 19 32 32
0358_0035_0030_0036_0036.jpg 1 35 30 36 36
0359_0006_0014_0068_0068.jpg 1 6 14 68 68
0360_0051_0041_0026_0026.jpg 1 51 41 26 26
0361_0013_0021_0037_0037.jpg 1 13 21 37 37
0362_0024_0014_0051_0051.jpg 1 24 14 51 51
0363_0051_0042_0041_0041.jpg 1 51 42 41 41
0364_0049_0027_0033_0033.jpg 1 49 27 33 33
0365_0033_0040_0032_0032.jpg 1 33 40 32 32
0366_0051_0057_0024_0024.jpg 1 51 57 24 24
0367_0015_0014_0068_0068.jpg 1 15 14 68 68
0368_0025_0032_0060_0060.jpg 1 25 32 60 60
0369_0015_0007_0055_0055.jpg 1 15 7 55 55
0370_0028_0043_0035_0035.jpg 1 28 43 35 35
0371_0058_0056_0031_0031.jpg 1 58 56 31 31
0372_0023_0009_0065_0065.jpg 1 23 9 65 65
0373_0007_0024_0063_0063.jpg 1 7 24 63 63
0374_0039_0058_0033_0033.jpg 1 39 58 33 33
0375_0025_0036_0050_0050.jpg 1 25 36 50 50
0376_0023_0026_0036_0036.jpg 1 23 26 36 36
0377_0025_0011_0059_0059.jpg 1 25 11 59 59
0378_0047_0018_0039_0039.jpg 1 47 18 39 39
0379_0035_0013_0040_0040.jpg 1 35 13 40 40
0380_0029_0016_0036_0036.jpg 1 29 16 36 36
0381_0036_0016_0053_0053.jpg 1 36 16 53 53
0382_0021_0020_0059_0059.jpg 1 21 20 59 59
0383_0015_0008_0038_0038.jpg 1 15 8 38 38
0384_0027_0032_0059_0059.jpg 1 27 32 59 59
0385_0054_0045_0026_0026.jpg 1 54 45 26 26
0386_0015_0062_0026_0026.jpg 1 15 62 26 26
0387_0018_0004_0060_0060.jpg 1 18 4 60 60
0388_0024_0007_0045_0045.jpg 1 24 7 45 45
0389_0003_0017_0069_0069.jpg 1 3 17 69 69
0390_0008_0024_0067_0067.jpg 1 8 24 67 67
0391_0021_0007_0054_0054.jpg 1 21 7 54 54
0392_0024_0013_0040_0040.jpg 1 24 13 40 40
0393_0007_0005_0047_0047.jpg 1 7 5 47 47
0394_0017_0017_0053_0053.jpg 1 17 17 53 53
0395_0040_0014_0040_0040.jpg 1 40 14 40 40
0396_0027_0008_0058_0058.jpg 1 27 8 58 58
0397_0052_0016_0030_0030.jpg 1 52 16 30 30
0398_0030_0029_0066_0066.jpg 1 30 29 66 66
0399_0004_0015_0069_0069.jpg 1 4 15 69 69
0400_0021_0027_0049_0049.jpg 1 21 27 49 49
0401_0054_0022_0024_0024.jpg 1 54 22 24 24
0402_0030_0044_0026_0026.jpg 1 30 44 26 26
0403_0015_0007_0034_0034.jpg 1 15 7 34 34
0404_0015_0038_0051_0051.jpg 1 15 38 51 51
0405_0017_0032_0047_0047.jpg 1 17 32 47 47
0406_0018_0029_0053_0053.jpg 1 18 29 53 53
0407_0022_0009_0062_0062.jpg 1 22 9 62 62
0408_0052_0040_0040_0040.jpg 1 52 40 40 40
0409_0045_0039_0033_0033.jpg 1 45 39 33 33
0410_0046_0012_0047_0047.jpg 1 46 12 47 47
0411_0020_0014_0031_0031.jpg 1 20 14 31 31
0412_0008_0030_0054_0054.jpg 1 8 30 54 54
0413_0049_0042_0025_0025.jpg 1 49 42 25 25
0414_0029_0008_0059_0059.jpg 1 29 8 59 59
0415_0025_0018_0049_0049.jpg 1 25 18 49 49
0416_0021_0023_0049_0049.jpg 1 21 23 49 49
0417_0027_0020_0069_0069.jpg 1 27 20 69 69
0418_0040_0013_0048_0048.jpg 1 40 13 48 48
0419_0028_0048_0027_0027.jpg 1 28 48 27 27
0420_0027_0014_0028_0028.jpg 1 27 14 28 28
0421_0022_0030_0025_0025.jpg 1 22 30 25 25
0422_0027_0029_0052_0052.jpg 1 27 29 52 52
0423_0033_0016_0027_0027.jpg 1 33 16 27 27
0424_0035_0041_0045_0045.jpg 1 35 41 45 45
0425_0041_0057_0034_0034.jpg 1 41 57 34 34
0426_0029_0013_0053_0053.jpg 1 29 13 53 53
0427_0063_0054_0024_0024.jpg 1 63 54 24 24
0428_0039_0050_0036_0036.jpg 1 39 50 36 36
0429_0061_0045_0024_0024.jpg 1 61 45 24 24
0430_0014_0013_0068_0068.jpg 1 14 13 68 68
0431_0022_0040_0031_0031.jpg 1 22 40 31 31
0432_0054_0054_0032_0032.jpg 1 54 54 32 32
0433_0007_0027_0066_0066.jpg 1 7 27 66 66
0434_0044_0007_0044_0044.jpg 1 44 7 44 44
0435_0038_0065_0026_0026.jpg 1 38 65 26 26
0436_0018_0013_0051_0051.jpg 1 18 13 51 51
0437_0020_0033_0048_0048.jpg 1 20 33 48 48
0438_0010_0039_0037_0037.jpg 1 10 39 37 37
0439_0020_0007_0065_0065.jpg 1 20 7 65 65
0440_0005_0014_0047_0047.jpg 1 5 14 47 47
0441_0007_0004_0069_0069.jpg 1 7 4 69 69
0442_0036_0043_0029_0029.jpg 1 36 43 29 29
0443_0015_0033_0056_0056.jpg 1 15 33 56 56
0444_0038_0006_0052_0052.jpg 1 38 6 52 52
0445_0033_0027_0061_0061.jpg 1 33 27 61 61
0446_0017_0004_0064_0064.jpg 1 17 4 64 64
0447_0027_0019_0040_0040.jpg 1 27 19 40 40
0448_0012_0033_0026_0026.jpg 1 12 33 26 26
0449_0020_0022_0054_0054.jpg 1 20 22 54 54
0450_0007_0049_0035_0035.jpg 1 7 49 35 35
0451_0029_0047_0041_0041.jpg 1 29 47 41 41
0452_0027_0030_0042_0042.jpg 1 27 30 42 42
0453_0029_0015_0041_0041.jpg 1 29 15 41 41
0454_0023_0036_0058_0058.jpg 1 23 36 58 58
0455_0008_0039_0036_0036.jpg 1 8 39 36 36
0456_0024_0023_0030_0030.jpg 1 24 23 30 30
0457_0012_0022_0043_0043.jpg 1 12 22 43 43
0458_0019_0026_0036_0036.jpg 1 19 26 36 36
0459_0012_0011_0062_0062.jpg 1 12 11 62 62
0460_0048_0024_0039_0039.jpg 1 48 24 39 39
0461_0018_0014_0037_0037.jpg 1 18 14 37 37
0462_0020_0022_0069_0069.jpg 1 20 22 69 69
0463_0007_0034_0043_0043.jpg 1 7 34 43 43
0464_0022_0007_0065_0065.jpg 1 22 7 65 65
0465_0031_0033_0029_0029.jpg 1 31 33 29 29
0466_0025_0058_0031_0031.jpg 1 25 58 31 31
0467_0042_0033_0048_0048.jpg 1 42 33 48 48
0468_0056_0020_0029_0029.jpg 1 56 20 29 29
0469_0029_0014_0041_0041.jpg 1 29 14 41 41
0470_0013_0042_0053_0053.jpg 1 13 42 53 53
0471_0052_0038_0037_0037.jpg 1 52 38 37 37
0472_0011_0012_0066_0066.jpg 1 11 12 66 66
0473_0035_0052_0028_0028.jpg 1 35 52 28 28
0474_0057_0006_0032_0032.jpg 1 57 6 32 32
0475_0024_0025_0056_0056.jpg 1 24 25 56 56
0476_0034_0011_0061_0061.jpg 1 34 11 61 61
0477_0019_0025_0041_0041.jpg 1 19 25 41 41
0478_0012_0028_0060_0060.jpg 1 12 28 60 60
0479_0023_0036_0025_0025.jpg 1 23 36 25 25
0480_0033_0016_0047_0047.jpg 1 33 16 47 47
0481_0023_0023_0043_0043.jpg 1 23 23 43 43
0482_0033_0029_0036_0036.jpg 1 33 29 36 36
0483_0023_0004_0069_0069.jpg 1 23 4 69 69
0484_0020_0005_0046_0046.jpg 1 20 5 46 46
0485_0016_0029_0049_0049.jpg 1 16 29 49 49
0486_0042_0008_0027_0027.jpg 1 42 8 27 27
0487_0022_0061_0025_0025.jpg 1 22 61 25 25
0488_0031_0013_0065_0065.jpg 1 31 13 65 65
0489_0009_0005_0066_0066.jpg 1 9 5 66 66
0490_0054_0032_0033_0033.jpg 1 54 32 33 33
0491_0017_0008_0031_0031.jpg 1 17 8 31 31
0492_0013_0023_0053_0053.jpg 1 13 23 53 53
0493_0007_0022_0027_0027.jpg 1 7 22 27 27
0494_0022_0048_0037_0037.jpg 1 22 48 37 37
0495_0004_0029_0056_0056.jpg 1 4 29 56 56
0496_0032_0023_0056_0056.jpg 1 32 23 56 56
0497_0039_0041_0044_0044.jpg 1 39 41 44 44
0498_0020_0015_0062_0062.jpg 1 20 15 62 62
0499_0011_0018_0068_0068.jpg 1 11 18 68 68
0500_0011_0012_0052_0052.jpg 1 11 12 52 52
0501_0030_0030_0033_0033.jpg 1 30 30 33 33
0502_0013_0015_0052_0052.jpg 1 13 15 52 52
0503_0020_0028_0044_0044.jpg 1 20 28 44 44
0504_0011_0007_0063_0063.jpg 1 11 7 63 63
0505_0017_0053_0029_0029.jpg 1 17 53 29 29
0506_0011_0018_0055_0055.jpg 1 11 18 55 55
0507_0032_0032_0055_0055.jpg 1 32 32 55 55
0508_0023_0042_0028_0028.jpg 1 23 42 28 28
0509_0033_0019_0029_0029.jpg 1 33 19 29 29
0510_0007_0026_0060_0060.jpg 1 7 26 60 60
0511_0018_0027_0045_0045.jpg 1 18 27 45 45
0512_0015_0007_0045_0045.jpg 1 15 7 45 45
0513_0061_0041_0027_0027.jpg 1 61 41 27 27
0514_0033_0016_0032_0032.jpg 1 33 16 32 32
0515_0005_0029_0060_0060.jpg 1 5 29 60 60
0516_0034_0015_0061_0061.jpg 1 34 15 61 61
0517_0043_0013_0047_0047.jpg 1 43 13 47 47
0518_0012_0007_0063_0063.jpg 1 12 7 63 63
0519_0014_0024_0060_0060.jpg 1 14 24 60 60
0520_0033_0011_0037_0037.jpg 1 33 11 37 37
0521_0043_0021_0024_0024.jpg 1 43 21 24 24
0522_0037_0033_0043_0043.jpg 1 37 33 43 43
0523_0024_0021_0067_0067.jpg 1 24 21 67 67
0524_0033_0007_0063_0063.jpg 1 33 7 63 63
0525_0037_0052_0029_0029.jpg 1 37 52 29 29
0526_0038_0020_0057_0057.jpg 1 38 20 57 57
0527_0033_0018_0049_0049.jpg 1 33 18 49 49
0528_0044_0046_0045_0045.jpg 1 44 46 45 45
0529_0020_0022_0058_0058.jpg 1 20 22 58 58
0530_0005_0015_0065_0065.jpg 1 5 15 65 65
0531_0017_0022_0047_0047.jpg 1 17 22 47 47
0532_0040_0058_0030_0030.jpg 1 40 58 30 30
0533_0029_0020_0062_0062.jpg 1 29 20 62 62
0534_0016_0012_0068_0068.jpg 1 16 12 68 68
0535_0011_0030_0030_0030.jpg 1 11 30 30 30
0536_0055_0011_0036_0036.jpg 1 55 11 36 36
0537_0039_0032_0047_0047.jpg 1 39 32 47 47
0538_0017_0010_0031_0031.jpg 1 17 10 31 31
0539_0024_0011_0053_0053.jpg 1 24 11 53 53
0540_0008_0035_0056_0056.jpg 1 8 35 56 56
0541_0018_0026_0068_0068.jpg 1 18 26 68 68
0542_0040_0029_0047_0047.jpg 1 40 29 47 47
0543_0023_0031_0042_0042.jpg 1 23 31 42 42
0544_0004_0026_0066_0066.jpg 1 4 26 66 66
0545_0039_0050_0041_0041.jpg 1 39 50 41 41
0546_0040_0040_0052_0052.jpg 1 40 40 52 52
0547_0046_0043_0041_0041.jpg 1 46 43 41 41
0548_0017_0016_0025_0025.jpg 1 17 16 25 25
0549_0014_0021_0054_0054.jpg 1 14 21 54 54
0550_0027_0062_0028_0028.jpg 1 27 62 28 28
0551_0028_0030_0033_0033.jpg 1 28 30 33 33
0552_0029_0015_0046_0046.jpg 1 29 15 46 46
0553_0015_0029_0054_0054.jpg 1 15 29 54 54
0554_0014_0022_0045_0045.jpg 1 14 22 45 45
0555_0012_0024_0050_0050.jpg 1 12 24 50 50
0556_0013_0004_0060_0060.jpg 1 13 4 60 60
0557_0030_0021_0060_0060.jpg 1 30 21 60 60
0558_0026_0024_0050_0050.jpg 1 26 24 50 50
0559_0048_0051_0041_0041.jpg 1 48 51 41 41
0560_0056_0017_0033_0033.jpg 1 56 17 33 33
0561_0016_0007_0062_0062.jpg 1 16 7 62 62
0562_0017_0035_0056_0056.jpg 1 17 35 56 56
0563_0034_0013_0043_0043.jpg 1 34 13 43 43
0564_0022_0049_0032_0032.jpg 1 22 49 32 32
0565_0021_0010_0041_0041.jpg 1 21 10 41 41
0566_0038_0048_0044_0044.jpg 1 38 48 44 44
0567_0032_0020_0063_0063.jpg 1 32 20 63 63
0568_0011_0037_0049_0049.jpg 1 11 37 49 49
0569_0029_0043_0037_0037.jpg 1 29 43 37 37
0570_0042_0035_0030_0030.jpg 1 42 35 30 30
0571_0033_0007_0058_0058.jpg 1 33 7 58 58
0572_0052_0054_0033_0033.jpg 1 52 54 33 33
0573_0028_0019_0052_0052.jpg 1 28 19 52 52
0574_0011_0006_0052_0052.jpg 1 11 6 52 52
0575_0016_0023_0052_0052.jpg 1 16 23 52 52
0576_0050_0022_0031_0031.jpg 1 50 22 31 31
0577_0029_0014_0045_0045.jpg 1 29 14 45 45
0578_0033_0039_0031_0031.jpg 1 33 39 31 31
0579_0016_0009_0031_0031.jpg 1 16 9 31 31
0580_0029_0003_0067_0067.jpg 1 29 3 67 67
0581_0010_0021_0036_0036.jpg 1 10 21 36 36
0582_0036_0051_0034_0034.jpg 1 36 51 34 34
0583_0026_0027_0048_0048.jpg 1 26 27 48 48
0584_0012_0037_0037_0037.jpg 1 12 37 37 37
0585_0037_0008_0050_0050.jpg 1 37 8 50 50
0586_0042_0026_0039_0039.jpg 1 42 26 39 39
0587_0019_0019_0031_0031.jpg 1 19 19 31 31
0588_0009_0025_0049_0049.jpg 1 9 25 49 49
0589_0027_0019_0026_0026.jpg 1 27 19 26 26
0590_0010_0047_0040_0040.jpg 1 10 47 40 40
0591_0027_0049_0035_0035.jpg 1 27 49 35 35
0592_0016_0032_0051_0051.jpg 1 16 32 51 51
0593_0034_0032_0034_0034.jpg 1 34 32 34 34
0594_0020_0009_0053_0053.jpg 1 20 9 53 53
0595_0008_0044_0034_0034.jpg 1 8 44 34 34
0596_0025_0018_0059_0059.jpg 1 25 18 59 59
0597_0027_0040_0027_0027.jpg 1 27 40 27 27
0598_0045_0019_0027_0027.jpg 1 45 19 27 27
0599_0030_0056_0033_0033.jpg 1 30 56 33 33
0600_0021_0019_0053_0053.jpg 1 21 19 53 53
0601_0024_0016_0045_0045.jpg 1 24 16 45 45
0602_0017_0015_0066_0066.jpg 1 17 15 66 66
0603_0025_0010_0060_0060.jpg 1 25 10 60 60
0604_0033_0015_0057_0057.jpg 1 33 15 57 57
0605_0044_0015_0040_0040.jpg 1 44 15 40 40
0606_0043_0054_0037_0037.jpg 1 43 54 37 37
0607_0057_0019_0030_0030.jpg 1 57 19 30 30
0608_0010_0036_0055_0055.jpg 1 10 36 55 55
0609_0037_0062_0025_0025.jpg 1 37 62 25 25
0610_0020_0021_0039_0039.jpg 1 20 21 39 39
0611_0035_0027_0025_0025.jpg 1 35 27 25 25
0612_0026_0017_0027_0027.jpg 1 26 17 27 27
0613_0028_0016_0044_0044.jpg 1 28 16 44 44
0614_0014_0026_0044_0044.jpg 1 14 26 44 44
0615_0031_0020_0054_0054.jpg 1 31 20 54 54
0616_0033_0039_0037_0037.jpg 1 33 39 37 37
0617_0009_0009_0067_0067.jpg 1 9 9 67 67
0618_0012_0021_0061_0061.jpg 1 12 21 61 61
0619_0017_0013_0042_0042.jpg 1 17 13 42 42
0620_0014_0005_0050_0050.jpg 1 14 5 50 50
0621_0026_0020_0067_0067.jpg 1 26 20 67 67
0622_0007_0012_0045_0045.jpg 1 7 12 45 45
0623_0006_0020_0062_0062.jpg 1 6 20 62 62
0624_0012_0024_0053_0053.jpg 1 12 24 53 53
0625_0008_0018_0060_0060.jpg 1 8 18 60 60
0626_0041_0032_0028_0028.jpg 1 41 32 28 28
0627_0028_0027_0061_0061.jpg 1 28 27 61 61
0628_0010_0016_0064_0064.jpg 1 10 16 64 64
0629_0047_0027_0044_0044.jpg 1 47 27 44 44
0630_0059_0055_0026_0026.jpg 1 59 55 26 26
0631_0028_0032_0058_0058.jpg 1 28 32 58 58
0632_0051_0050_0038_0038.jpg 1 51 50 38 38
0633_0013_0039_0040_0040.jpg 1 13 39 40 40
0634_0018_0028_0068_0068.jpg 1 18 28 68 68
0635_0037_0046_0046_0046.jpg 1 37 46 46 46
0636_0042_0011_0051_0051.jpg 1 42 11 51 51
0637_0013_0033_0027_0027.jpg 1 13 33 27 27
0638_0005_0025_0063_0063.jpg 1 5 25 63 63
0639_0026_0009_0040_0040.jpg 1 26 9 40 40
0640_0013_0006_0060_0060.jpg 1 13 6 60 60
0641_0009_0050_0039_0039.jpg 1 9 50 39 39
0642_0016_0027_0047_0047.jpg 1 16 27 47 47
0643_0014_0015_0041_0041.jpg 1 14 15 41 41
0644_0043_0015_0035_0035.jpg 1 43 15 35 35
0645_0008_0017_0065_0065.jpg 1 8 17 65 65
0646_0021_0055_0027_0027.jpg 1 21 55 27 27
0647_0050_0060_0025_0025.jpg 1 50 60 25 25
0648_0026_0058_0027_0027.jpg 1 26 58 27 27
0649_0023_0030_0058_0058.jpg 1 23 30 58 58
0650_0028_0040_0050_0050.jpg 1 28 40 50 50
0651_0042_0018_0050_0050.jpg 1 42 18 50 50
0652_0018_0042_0050_0050.jpg 1 18 42 50 50
0653_0034_0007_0045_0045.jpg 1 34 7 45 45
0654_0010_0007_0059_0059.jpg 1 10 7 59 59
0655_0037_0016_0037_0037.jpg 1 37 16 37 37
0656_0055_0047_0025_0025.jpg 1 55 47 25 25
0657_0009_0012_0056_0056.jpg 1 9 12 56 56
0658_0028_0043_0051_0051.jpg 1 28 43 51 51
0659_0011_0006_0060_0060.jpg 1 11 6 60 60
0660_0031_0021_0048_0048.jpg 1 31 21 48 48
0661_0051_0049_0040_0040.jpg 1 51 49 40 40
0662_0062_0032_0025_0025.jpg 1 62 32 25 25
0663_0010_0031_0064_0064.jpg 1 10 31 64 64
0664_0023_0043_0034_0034.jpg 1 23 43 34 34
0665_0006_0046_0035_0035.jpg 1 6 46 35 35
0666_0008_0007_0051_0051.jpg 1 8 7 51 51
0667_0055_0051_0025_0025.jpg 1 55 51 25 25
0668_0036_0041_0047_0047.jpg 1 36 41 47 47
0669_0036_0009_0039_0039.jpg 1 36 9 39 39
0670_0015_0004_0068_0068.jpg 1 15 4 68 68
0671_0019_0010_0041_0041.jpg 1 19 10 41 41
0672_0022_0008_0060_0060.jpg 1 22 8 60 60
0673_0028_0027_0065_0065.jpg 1 28 27 65 65
0674_0027_0020_0061_0061.jpg 1 27 20 61 61
0675_0025_0013_0049_0049.jpg 1 25 13 49 49
0676_0004_0010_0069_0069.jpg 1 4 10 69 69
0677_0029_0031_0061_0061.jpg 1 29 31 61 61
0678_0007_0026_0044_0044.jpg 1 7 26 44 44
0679_0022_0041_0046_0046.jpg 1 22 41 46 46
0680_0063_0042_0026_0026.jpg 1 63 42 26 26
0681_0037_0022_0055_0055.jpg 1 37 22 55 55
0682_0023_0008_0054_0054.jpg 1 23 8 54 54
0683_0066_0025_0024_0024.jpg 1 66 25 24 24
0684_0046_0042_0046_0046.jpg 1 46 42 46 46
0685_0031_0006_0047_0047.jpg 1 31 6 47 47
0686_0029_0014_0064_0064.jpg 1 29 14 64 64
0687_0033_0023_0047_0047.jpg 1 33 23 47 47
0688_0017_0049_0045_0045.jpg 1 17 49 45 45
0689_0017_0012_0065_0065.jpg 1 17 12 65 65
0690_0057_0038_0026_0026.jpg 1 57 38 26 26
0691_0016_0014_0045_0045.jpg 1 16 14 45 45
0692_0016_0008_0056_0056.jpg 1 16 8 56 56
0693_0060_0025_0024_0024.jpg 1 60 25 24 24
0694_0019_0004_0062_0062.jpg 1 19 4 62 62
0695_0007_0025_0062_0062.jpg 1 7 25 62 62
0696_0032_0017_0062_0062.jpg 1 32 17 62 62
0697_0009_0018_0025_0025.jpg 1 9 18 25 25
0698_0028_0034_0037_0037.jpg 1 28 34 37 37
0699_0020_0014_0042_0042.jpg 1 20 14 42 42
0700_0025_0021_0050_0050.jpg 1 25 21 50 50
0701_0022_0024_0062_0062.jpg 1 22 24 62 62
0702_0012_0007_0057_0057.jpg 1 12 7 57 57
0703_0022_0031_0049_0049.jpg 1 22 31 49 49
0704_0016_0036_0044_0044.jpg 1 16 36 44 44
0705_0046_0033_0036_0036.jpg 1 46 33 36 36
0706_0035_0025_0050_0050.jpg 1 35 25 50 50
0707_0027_0036_0059_0059.jpg 1 27 36 59 59
0708_0005_0028_0062_0062.jpg 1 5 28 62 62
0709_0030_0032_0034_0034.jpg 1 30 32 34 34
0710_0025_0010_0057_0057.jpg 1 25 10 57 57
0711_0054_0019_0032_0032.jpg 1 54 19 32 32
0712_0008_0010_0060_0060.jpg 1 8 10 60 60
0713_0035_0015_0052_0052.jpg 1 35 15 52 52
0714_0022_0016_0057_0057.jpg 1 22 16 57 57
0715_0044_0045_0045_0045.jpg 1 44 45 45 45
0716_0045_0044_0024_0024.jpg 1 45 44 24 24
0717_0017_0041_0053_0053.jpg 1 17 41 53 53
0718_0015_0030_0053_0053.jpg 1 15 30 53 53
0719_0010_0008_0068_0068.jpg 1 10 8 68 68
0720_0005_0025_0050_0050.jpg 1 5 25 50 50
0721_0028_0013_0024_0024.jpg 1 28 13 24 24
0722_0036_0038_0045_0045.jpg 1 36 38 45 45
0723_0020_0063_0026_0026.jpg 1 20 63 26 26
0724_0042_0013_0035_0035.jpg 1 42 13 35 35
0725_0011_0036_0024_0024.jpg 1 11 36 24 24
0726_0021_0031_0044_0044.jpg 1 21 31 44 44
0727_0040_0062_0029_0029.jpg 1 40 62 29 29
0728_0029_0055_0034_0034.jpg 1 29 55 34 34
0729_0017_0049_0025_0025.jpg 1 17 49 25 25
0730_0016_0043_0039_0039.jpg 1 16 43 39 39
0731_0008_0024_0060_0060.jpg 1 8 24 60 60
0732_0042_0037_0048_0048.jpg 1 42 37 48 48
0733_0020_0032_0054_0054.jpg 1 20 32 54 54
0734_0028_0017_0066_0066.jpg 1 28 17 66 66
0735_0020_0014_0065_0065.jpg 1 20 14 65 65
0736_0025_0013_0052_0052.jpg 1 25 13 52 52
0737_0035_0031_0038_0038.jpg 1 35 31 38 38
0738_0025_0031_0049_0049.jpg 1 25 31 49 49
0739_0037_0026_0052_0052.jpg 1 37 26 52 52
0740_0020_0020_0059_0059.jpg 1 20 20 59 59
0741_0031_0032_0044_0044.jpg 1 31 32 44 44
0742_0060_0044_0031_0031.jpg 1 60 44 31 31
0743_0053_0046_0040_0040.jpg 1 53 46 40 40
0744_0030_0016_0037_0037.jpg 1 30 16 37 37
0745_0015_0017_0065_0065.jpg 1 15 17 65 65
0746_0029_0017_0053_0053.jpg 1 29 17 53 53
0747_0018_0011_0033_0033.jpg 1 18 11 33 33
0748_0049_0007_0031_0031.jpg 1 49 7 31 31
0749_0045_0046_0031_0031.jpg 1 45 46 31 31
0750_0019_0022_0065_0065.jpg 1 19 22 65 65
0751_0023_0014_0065_0065.jpg 1 23 14 65 65
0752_0023_0009_0068_0068.jpg 1 23 9 68 68
0753_0051_0009_0029_0029.jpg 1 51 9 29 29
0754_0012_0013_0064_0064.jpg 1 12 13 64 64
0755_0032_0033_0054_0054.jpg 1 32 33 54 54
0756_0040_0041_0041_0041.jpg 1 40 41 41 41
0757_0007_0041_0028_0028.jpg 1 7 41 28 28
0758_0045_0032_0037_0037.jpg 1 45 32 37 37
0759_0019_0040_0055_0055.jpg 1 19 40 55 55
0760_0025_0011_0024_0024.jpg 1 25 11 24 24
0761_0053_0048_0040_0040.jpg 1 53 48 40 40
0762_0029_0005_0057_0057.jpg 1 29 5 57 57
0763_0039_0036_0056_0056.jpg 1 39 36 56 56
0764_0034_0011_0024_0024.jpg 1 34 11 24 24
0765_0019_0019_0069_0069.jpg 1 19 19 69 69
0766_0012_0023_0041_0041.jpg 1 12 23 41 41
0767_0005_0030_0043_0043.jpg 1 5 30 43 43
0768_0044_0008_0042_0042.jpg 1 44 8 42 42
0769_0052_0057_0036_0036.jpg 1 52 57 36 36
0770_0029_0029_0038_0038.jpg 1 29 29 38 38
0771_0024_0032_0043_0043.jpg 1 24 32 43 43
0772_0023_0044_0031_0031.jpg 1 23 44 31 31
0773_0018_0022_0069_0069.jpg 1 18 22 69 69
0774_0030_0014_0051_0051.jpg 1 30 14 51 51
0775_0037_0019_0056_0056.jpg 1 37 19 56 56
0776_0012_0011_0058_0058.jpg 1 12 11 58 58
0777_0026_0038_0033_0033.jpg 1 26 38 33 33
0778_0018_0005_0062_0062.jpg 1 18 5 62 62
0779_0010_0013_0054_0054.jpg 1 10 13 54 54
0780_0018_0016_0029_0029.jpg 1 18 16 29 29
0781_0027_0041_0047_0047.jpg 1 27 41 47 47
0782_0053_0016_0038_0038.jpg 1 53 16 38 38
0783_0056_0050_0030_0030.jpg 1 56 50 30 30
0784_0018_0006_0067_0067.jpg 1 18 6 67 67
0785_0049_0008_0030_0030.jpg 1 49 8 30 30
0786_0030_0033_0057_0057.jpg 1 30 33 57 57
0787_0027_0048_0037_0037.jpg 1 27 48 37 37
0788_0047_0016_0041_0041.jpg 1 47 16 41 41
0789_0024_0006_0052_0052.jpg 1 24 6 52 52
0790_0033_0060_0028_0028.jpg 1 33 60 28 28
0791_0051_0039_0025_0025.jpg 1 51 39 25 25
0792_0023_0030_0065_0065.jpg 1 23 30 65 65
0793_0033_0017_0048_0048.jpg 1 33 17 48 48
0794_0033_0046_0041_0041.jpg 1 33 46 41 41
0795_0020_0007_0044_0044.jpg 1 20 7 44 44
0796_0024_0010_0054_0054.jpg 1 24 10 54 54
0797_0020_0029_0044_0044.jpg 1 20 29 44 44
0798_0022_0025_0068_0068.jpg 1 22 25 68 68
0799_0004_0011_0052_0052.jpg 1 4 11 52 52
0800_0012_0008_0051_0051.jpg 1 12 8 51 51
0801_0039_0055_0032_0032.jpg 1 39 55 32 32
0802_0026_0020_0066_0066.jpg 1 26 20 66 66
0803_0040_0039_0029_0029.jpg 1 40 39 29 29
0804_0004_0020_0068_0068.jpg 1 4 20 68 68
0805_0048_0028_0044_0044.jpg 1 48 28 44 44
0806_0035_0023_0048_0048.jpg 1 35 23 48 48
0807_0041_0023_0040_0040.jpg 1 41 23 40 40
0808_0038_0014_0051_0051.jpg 1 38 14 51 51
0809_0006_0037_0040_0040.jpg 1 6 37 40 40
0810_0036_0028_0034_0034.jpg 1 36 28 34 34
0811_0037_0008_0049_0049.jpg 1 37 8 49 49
0812_0011_0028_0063_0063.jpg 1 11 28 63 63
0813_0045_0023_0045_0045.jpg 1 45 23 45 45
0814_0010_0026_0056_0056.jpg 1 10 26 56 56
0815_0049_0050_0037_0037.jpg 1 49 50 37 37
0816_0032_0028_0047_0047.jpg 1 32 28 47 47
0817_0033_0026_0026_0026.jpg 1 33 26 26 26
0818_0039_0029_0033_0033.jpg 1 39 29 33 33
0819_0059_0031_0025_0025.jpg 1 59 31 25 25
0820_0028_0024_0065_0065.jpg 1 28 24 65 65
0821_0005_0012_0061_0061.jpg 1 5 12 61 61
0822_0012_0064_0024_0024.jpg 1 12 64 24 24
0823_0023_0043_0051_0051.jpg 1 23 43 51 51
0824_0006_0052_0038_0038.jpg 1 6 52 38 38
0825_0049_0041_0026_0026.jpg 1 49 41 26 26
0826_0065_0008_0024_0024.jpg 1 65 8 24 24
0827_0039_0022_0036_0036.jpg 1 39 22 36 36
0828_0012_0017_0064_0064.jpg 1 12 17 64 64
0829_0021_0040_0053_0053.jpg 1 21 40 53 53
0830_0016_0014_0063_0063.jpg 1 16 14 63 63
0831_0025_0013_0056_0056.jpg 1 25 13 56 56
0832_0015_0018_0047_0047.jpg 1 15 18 47 47
0833_0016_0017_0029_0029.jpg 1 16 17 29 29
0834_0006_0013_0056_0056.jpg 1 6 13 56 56
0835_0006_0028_0037_0037.jpg 1 6 28 37 37
0836_0026_0022_0046_0046.jpg 1 26 22 46 46
0837_0015_0030_0064_0064.jpg 1 15 30 64 64
0838_0014_0022_0053_0053.jpg 1 14 22 53 53
0839_0013_0030_0035_0035.jpg 1 13 30 35 35
0840_0014_0019_0050_0050.jpg 1 14 19 50 50
0841_0024_0032_0056_0056.jpg 1 24 32 56 56
0842_0040_0028_0048_0048.jpg 1 40 28 48 48
0843_0022_0010_0064_0064.jpg 1 22 10 64 64
0844_0042_0038_0046_0046.jpg 1 42 38 46 46
0845_0020_0010_0039_0039.jpg 1 20 10 39 39
0846_0035_0021_0051_0051.jpg 1 35 21 51 51
0847_0043_0061_0024_0024.jpg 1 43 61 24 24
0848_0043_0013_0025_0025.jpg 1 43 13 25 25
0849_0009_0059_0025_0025.jpg 1 9 59 25 25
0850_0009_0035_0055_0055.jpg 1 9 35 55 55
0851_0044_0011_0037_0037.jpg 1 44 11 37 37
0852_0032_0035_0056_0056.jpg 1 32 35 56 56
0853_0009_0056_0033_0033.jpg 1 9 56 33 33
0854_0015_0038_0047_0047.jpg 1 15 38 47 47
0855_0038_0032_0037_0037.jpg 1 38 32 37 37
0856_0014_0011_0042_0042.jpg 1 14 11 42 42
0857_0013_0006_0068_0068.jpg 1 13 6 68 68
0858_0009_0017_0050_0050.jpg 1 9 17 50 50
0859_0050_0014_0025_0025.jpg 1 50 14 25 25
0860_0022_0012_0069_0069.jpg 1 22 12 69 69
0861_0046_0049_0028_0028.jpg 1 46 49 28 28
0862_0041_0040_0044_0044.jpg 1 41 40 44 44
0863_0009_0058_0029_0029.jpg 1 9 58 29 29
0864_0058_0058_0034_0034.jpg 1 58 58 34 34
0865_0032_0020_0041_0041.jpg 1 32 20 41 41
0866_0039_0044_0043_0043.jpg 1 39 44 43 43
0867_0025_0039_0052_0052.jpg 1 25 39 52 52
0868_0039_0065_0026_0026.jpg 1 39 65 26 26
0869_0008_0013_0062_0062.jpg 1 8 13 62 62
0870_0035_0038_0052_0052.jpg 1 35 38 52 52
0871_0022_0014_0061_0061.jpg 1 22 14 61 61
0872_0019_0014_0038_0038.jpg 1 19 14 38 38
0873_0032_0008_0037_0037.jpg 1 32 8 37 37
0874_0011_0024_0060_0060.jpg 1 11 24 60 60
0875_0030_0013_0056_0056.jpg 1 30 13 56 56
0876_0038_0046_0046_0046.jpg 1 38 46 46 46
0877_0051_0021_0035_0035.jpg 1 51 21 35 35
0878_0009_0012_0063_0063.jpg 1 9 12 63 63
0879_0006_0019_0059_0059.jpg 1 6 19 59 59
0880_0025_0020_0062_0062.jpg 1 25 20 62 62
0881_0005_0014_0053_0053.jpg 1 5 14 53 53
0882_0016_0064_0025_0025.jpg 1 16 64 25 25
0883_0013_0029_0061_0061.jpg 1 13 29 61 61
0884_0048_0045_0033_0033.jpg 1 48 45 33 33
0885_0023_0013_0064_0064.jpg 1 23 13 64 64
0886_0040_0035_0044_0044.jpg 1 40 35 44 44
0887_0012_0017_0067_0067.jpg 1 12 17 67 67
0888_0021_0006_0067_0067.jpg 1 21 6 67 67
0889_0031_0014_0064_0064.jpg 1 31 14 64 64
0890_0036_0021_0051_0051.jpg 1 36 21 51 51
0891_0030_0019_0036_0036.jpg 1 30 19 36 36
0892_0037_0025_0040_0040.jpg 1 37 25 40 40
0893_0042_0009_0044_0044.jpg 1 42 9 44 44
0894_0038_0049_0030_0030.jpg 1 38 49 30 30
0895_0062_0058_0024_0024.jpg 1 62 58 24 24
0896_0030_0024_0041_0041.jpg 1 30 24 41 41
0897_0013_0047_0045_0045.jpg 1 13 47 45 45
0898_0011_0025_0063_0063.jpg 1 11 25 63 63
0899_0052_0008_0039_0039.jpg 1 52 8 39 39
0900_0011_0054_0029_0029.jpg 1 11 54 29 29
0901_0033_0034_0045_0045.jpg 1 33 34 45 45
0902_0031_0033_0034_0034.jpg 1 31 33 34 34
0903_0054_0033_0025_0025.jpg 1 54 33 25 25
0904_0027_0009_0067_0067.jpg 1 27 9 67 67
0905_0009_0016_0056_0056.jpg 1 9 16 56 56
0906_0019_0029_0036_0036.jpg 1 19 29 36 36
0907_0043_0037_0038_0038.jpg 1 43 37 38 38
0908_0047_0020_0038_0038.jpg 1 47 20 38 38
0909_0051_0026_0033_0033.jpg 1 51 26 33 33
0910_0009_0036_0047_0047.jpg 1 9 36 47 47
0911_0032_0012_0024_0024.jpg 1 32 12 24 24
0912_0020_0035_0051_0051.jpg 1 20 35 51 51
0913_0008_0010_0038_0038.jpg 1 8 10 38 38
0914_0007_0016_0064_0064.jpg 1 7 16 64 64
0915_0027_0014_0053_0053.jpg 1 27 14 53 53
0916_0054_0009_0031_0031.jpg 1 54 9 31 31
0917_0018_0053_0024_0024.jpg 1 18 53 24 24
0918_0018_0037_0054_0054.jpg 1 18 37 54 54
0919_0033_0048_0035_0035.jpg 1 33 48 35 35
0920_0004_0019_0063_0063.jpg 1 4 19 63 63
0921_0045_0034_0042_0042.jpg 1 45 34 42 42
0922_0031_0056_0024_0024.jpg 1 31 56 24 24
0923_0032_0008_0056_0056.jpg 1 32 8 56 56
0924_0057_0043_0030_0030.jpg 1 57 43 30 30
0925_0022_0012_0058_0058.jpg 1 22 12 58 58
0926_0020_0025_0068_0068.jpg 1 20 25 68 68
0927_0030_0009_0059_0059.jpg 1 30 9 59 59
0928_0047_0034_0034_0034.jpg 1 47 34 34 34
0929_0009_0008_0067_0067.jpg 1 9 8 67 67
0930_0010_0007_0039_0039.jpg 1 10 7 39 39
0931_0044_0045_0048_0048.jpg 1 44 45 48 48
0932_0018_0021_0068_0068.jpg 1 18 21 68 68
0933_0034_0054_0037_0037.jpg 1 34 54 37 37
0934_0047_0053_0029_0029.jpg 1 47 53 29 29
0935_0030_0037_0046_0046.jpg 1 30 37 46 46
0936_0027_0028_0067_0067.jpg 1 27 28 67 67
0937_0036_0010_0041_0041.jpg 1 36 10 41 41
0938_0026_0032_0061_0061.jpg 1 26 32 61 61
0939_0021_0011_0062_0062.jpg 1 21 11 62 62
0940_0035_0054_0035_0035.jpg 1 35 54 35 35
0941_0040_0011_0038_0038.jpg 1 40 11 38 38
0942_0017_0018_0067_0067.jpg 1 17 18 67 67
0943_0012_0022_0040_0040.jpg 1 12 22 40 40
0944_0026_0004_0069_0069.jpg 1 26 4 69 69
0945_0039_0012_0042_0042.jpg 1 39 12 42 42
0946_0049_0012_0031_0031.jpg 1 49 12 31 31
0947_0021_0023_0031_0031.jpg 1 21 23 31 31
0948_0045_0032_0047_0047.jpg 1 45 32 47 47
0949_0018_0017_0037_0037.jpg 1 18 17 37 37
0950_0028_0032_0051_0051.jpg 1 28 32 51 51
0951_0026_0018_0033_0033.jpg 1 26 18 33 33
0952_0055_0044_0024_0024.jpg 1 55 44 24 24
0953_0023_0009_0064_0064.jpg 1 23 9 64 64
0954_0009_0010_0068_0068.jpg 1 9 10 68 68
0955_0066_0017_0024_0024.jpg 1 66 17 24 24
0956_0004_0031_0059_0059.jpg 1 4 31 59 59
0957_0023_0018_0064_0064.jpg 1 23 18 64 64
0958_0018_0010_0056_0056.jpg 1 18 10 56 56
0959_0012_0010_0043_0043.jpg 1 12 10 43 43
0960_0048_0048_0024_0024.jpg 1 48 48 24 24
0961_0018_0039_0028_0028.jpg 1 18 39 28 28
0962_0009_0028_0055_0055.jpg 1 9 28 55 55
0963_0023_0035_0031_0031.jpg 1 23 35 31 31
0964_0029_0005_0066_0066.jpg 1 29 5 66 66
0965_0010_0004_0065_0065.jpg 1 10 4 65 65
0966_0054_0055_0032_0032.jpg 1 54 55 32 32
0967_0049_0060_0032_0032.jpg 1 49 60 32 32
0968_0045_0007_0037_0037.jpg 1 45 7 37 37
0969_0048_0019_0037_0037.jpg 1 48 19 37 37
0970_0030_0032_0045_0045.jpg 1 30 32 45 45
0971_0040_0041_0029_0029.jpg 1 40 41 29 29
0972_0010_0026_0054_0054.jpg 1 10 26 54 54
0973_0047_0026_0028_0028.jpg 1 47 26 28 28
0974_0012_0023_0062_0062.jpg 1 12 23 62 62
0975_0031_0020_0056_0056.jpg 1 31 20 56 56
0976_0061_0024_0029_0029.jpg 1 61 24 29 29
0977_0019_0048_0045_0045.jpg 1 19 48 45 45
0978_0036_0010_0050_0050.jpg 1 36 10 50 50
0979_0022_0008_0055_0055.jpg 1 22 8 55 55
0980_0041_0018_0051_0051.jpg 1 41 18 51 51
0981_0030_0007_0041_0041.jpg 1 30 7 41 41
0982_0024_0031_0043_0043.jpg 1 24 31 43 43
0983_0014_0029_0051_0051.jpg 1 14 29 51 51
0984_0014_0009_0054_0054.jpg 1 14 9 54 54
0985_0041_0049_0040_0040.jpg 1 41 49 40 40
0986_0015_0046_0039_0039.jpg 1 15 46 39 39
0987_0045_0028_0042_0042.jpg 1 45 28 42 42
0988_0022_0022_0063_0063.jpg 1 22 22 63 63
0989_0019_0036_0059_0059.jpg 1 19 36 59 59
0990_0007_0005_0064_0064.jpg 1 7 5 64 64
0991_0028_0033_0057_0057.jpg 1 28 33 57 57
0992_0013_0024_0062_0062.jpg 1 13 24 62 62
0993_0040_0006_0046_0046.jpg 1 40 6 46 46
0994_0021_0008_0044_0044.jpg 1 21 8 44 44
0995_0012_0014_0055_0055.jpg 1 12 14 55 55
0996_0039_0027_0052_0052.jpg 1 39 27 52 52
0997_0004_0004_0061_0061.jpg 1 4 4 61 61
0998_0045_0051_0041_0041.jpg 1 45 51 41 41
0999_0025_0014_0065_0065.jpg 1 25 14 65 65
1000_0034_0041_0045_0045.jpg 1 34 41 45 45
1001_0012_0025_0042_0042.jpg 1 12 25 42 42
1002_0039_0037_0053_0053.jpg 1 39 37 53 53
1003_0027_0022_0059_0059.jpg 1 27 22 59 59
1004_0056_0045_0036_0036.jpg 1 56 45 36 36
1005_0059_0051_0024_0024.jpg 1 59 51 24 24
1006_0003_0004_0069_0069.jpg 1 3 4 69 69
1007_0015_0022_0055_0055.jpg 1 15 22 55 55
1008_0019_0016_0032_0032.jpg 1 19 16 32 32
1009_0009_0012_0067_0067.jpg 1 9 12 67 67
1010_0031_0066_0025_0025.jpg 1 31 66 25 25
1011_0035_0015_0047_0047.jpg 1 35 15 47 47
1012_0029_0018_0052_0052.jpg 1 29 18 52 52
1013_0024_0024_0065_0065.jpg 1 24 24 65 65
1014_0044_0048_0028_0028.jpg 1 44 48 28 28
1015_0035_0021_0050_0050.jpg 1 35 21 50 50
1016_0008_0029_0025_0025.jpg 1 8 29 25 25
1017_0019_0041_0030_0030.jpg 1 19 41 30 30
1018_0012_0025_0049_0049.jpg 1 12 25 49 49
1019_0018_0031_0029_0029.jpg 1 18 31 29 29
1020_0030_0022_0030_0030.jpg 1 30 22 30 30
1021_0026_0013_0067_0067.jpg 1 26 13 67 67
1022_0052_0052_0039_0039.jpg 1 52 52 39 39
1023_0012_0007_0068_0068.jpg 1 12 7 68 68
1024_0011_0042_0029_0029.jpg 1 11 42 29 29
1025_0020_0040_0049_0049.jpg 1 20 40 49 49
1026_0024_0016_0067_0067.jpg 1 24 16 67 67
1027_0051_0060_0027_0027.jpg 1 51 60 27 27
1028_0037_0005_0044_0044.jpg 1 37 5 44 44
1029_0024_0028_0043_0043.jpg 1 24 28 43 43
1030_0013_0022_0047_0047.jpg 1 13 22 47 47
1031_0006_0012_0066_0066.jpg 1 6 12 66 66
1032_0041_0016_0044_0044.jpg 1 41 16 44 44
1033_0011_0038_0046_0046.jpg 1 11 38 46 46
1034_0048_0054_0035_0035.jpg 1 48 54 35 35
1035_0030_0033_0054_0054.jpg 1 30 33 54 54
1036_0036_0029_0059_0059.jpg 1 36 29 59 59
1037_0036_0029_0045_0045.jpg 1 36 29 45 45
1038_0018_0032_0029_0029.jpg 1 18 32 29 29
1039_0046_0028_0038_0038.jpg 1 46 28 38 38
1040_0046_0051_0040_0040.jpg 1 46 51 40 40
1041_0023_0025_0038_0038.jpg 1 23 25 38 38
1042_0029_0009_0041_0041.jpg 1 29 9 41 41
1043_0051_0059_0033_0033.jpg 1 51 59 33 33
1044_0007_0010_0065_0065.jpg 1 7 10 65 65
1045_0021_0006_0051_0051.jpg 1 21 6 51 51
1046_0045_0014_0033_0033.jpg 1 45 14 33 33
1047_0039_0024_0037_0037.jpg 1 39 24 37 37
1048_0010_0026_0057_0057.jpg 1 10 26 57 57
1049_0026_0023_0065_0065.jpg 1 26 23 65 65
1050_0024_0023_0056_0056.jpg 1 24 23 56 56
1051_0021_0016_0053_0053.jpg 1 21 16 53 53
1052_0021_0013_0026_0026.jpg 1 21 13 26 26
1053_0033_0023_0060_0060.jpg 1 33 23 60 60
1054_0042_0021_0051_0051.jpg 1 42 21 51 51
1055_0016_0045_0038_0038.jpg 1 16 45 38 38
1056_0021_0019_0064_0064.jpg 1 21 19 64 64
1057_0009_0011_0059_0059.jpg 1 9 11 59 59
1058_0031_0018_0053_0053.jpg 1 31 18 53 53
1059_0035_0064_0024_0024.jpg 1 35 64 24 24
1060_0018_0007_0043_0043.jpg 1 18 7 43 43
1061_0024_0007_0050_0050.jpg 1 24 7 50 50
1062_0049_0019_0024_0024.jpg 1 49 19 24 24
1063_0011_0033_0055_0055.jpg 1 11 33 55 55
1064_0016_0011_0064_0064.jpg 1 16 11 64 64
1065_0029_0009_0048_0048.jpg 1 29 9 48 48
1066_0014_0012_0053_0053.jpg 1 14 12 53 53
1067_0014_0021_0069_0069.jpg 1 14 21 69 69
1068_0016_0041_0040_0040.jpg 1 16 41 40 40
1069_0020_0029_0059_0059.jpg 1 20 29 59 59
1070_0011_0032_0047_0047.jpg 1 11 32 47 47
1071_0011_0023_0061_0061.jpg 1 11 23 61 61
1072_0017_0007_0054_0054.jpg 1 17 7 54 54
1073_0030_0019_0035_0035.jpg 1 30 19 35 35
1074_0052_0017_0040_0040.jpg 1 52 17 40 40
1075_0005_0005_0061_0061.jpg 1 5 5 61 61
1076_0022_0012_0055_0055.jpg 1 22 12 55 55
1077_0036_0006_0036_0036.jpg 1 36 6 36 36
1078_0046_0019_0047_0047.jpg 1 46 19 47 47
1079_0010_0029_0036_0036.jpg 1 10 29 36 36
1080_0009_0012_0065_0065.jpg 1 9 12 65 65
1081_0030_0008_0061_0061.jpg 1 30 8 61 61
1082_0014_0009_0029_0029.jpg 1 14 9 29 29
1083_0007_0027_0043_0043.jpg 1 7 27 43 43
1084_0006_0010_0066_0066.jpg 1 6 10 66 66
1085_0034_0014_0044_0044.jpg 1 34 14 44 44
1086_0009_0004_0066_0066.jpg 1 9 4 66 66
1087_0008_0023_0064_0064.jpg 1 8 23 64 64
1088_0017_0031_0064_0064.jpg 1 17 31 64 64
1089_0030_0018_0061_0061.jpg 1 30 18 61 61
1090_0017_0042_0038_0038.jpg 1 17 42 38 38
1091_0029_0020_0049_0049.jpg 1 29 20 49 49
1092_0007_0042_0045_0045.jpg 1 7 42 45 45
1093_0022_0034_0039_0039.jpg 1 22 34 39 39
1094_0024_0022_0063_0063.jpg 1 24 22 63 63
1095_0019_0018_0054_0054.jpg 1 19 18 54 54
1096_0060_0060_0029_0029.jpg 1 60 60 29 29
1097_0048_0038_0028_0028.jpg 1 48 38 28 28
1098_0036_0007_0059_0059.jpg 1 36 7 59 59
1099_0029_0024_0051_0051.jpg 1 29 24 51 51
1100_0025_0010_0036_0036.jpg 1 25 10 36 36
1101_0037_0030_0028_0028.jpg 1 37 30 28 28
1102_0036_0034_0058_0058.jpg 1 36 34 58 58
1103_0006_0010_0068_0068.jpg 1 6 10 68 68
1104_0041_0024_0041_0041.jpg 1 41 24 41 41
1105_0043_0037_0026_0026.jpg 1 43 37 26 26
1106_0014_0020_0038_0038.jpg 1 14 20 38 38
1107_0010_0017_0063_0063.jpg 1 10 17 63 63
1108_0030_0055_0035_0035.jpg 1 30 55 35 35
1109_0027_0013_0069_0069.jpg 1 27 13 69 69
1110_0038_0036_0029_0029.jpg 1 38 36 29 29
1111_0020_0037_0058_0058.jpg 1 20 37 58 58
1112_0048_0044_0025_0025.jpg 1 48 44 25 25
1113_0005_0010_0048_0048.jpg 1 5 10 48 48
1114_0032_0035_0045_0045.jpg 1 32 35 45 45
1115_0034_0046_0045_0045.jpg 1 34 46 45 45
1116_0015_0040_0050_0050.jpg 1 15 40 50 50
1117_0029_0034_0026_0026.jpg 1 29 34 26 26
1118_0018_0025_0040_0040.jpg 1 18 25 40 40
1119_0066_0034_0025_0025.jpg 1 66 34 25 25
1120_0018_0013_0069_0069.jpg 1 18 13 69 69
1121_0027_0013_0050_0050.jpg 1 27 13 50 50
1122_0018_0036_0059_0059.jpg 1 18 36 59 59
1123_0008_0026_0053_0053.jpg 1 8 26 53 53
1124_0012_0019_0065_0065.jpg 1 12 19 65 65
1125_0032_0024_0029_0029.jpg 1 32 24 29 29
1126_0038_0011_0034_0034.jpg 1 38 11 34 34
1127_0025_0014_0057_0057.jpg 1 25 14 57 57
1128_0068_0068_0024_0024.jpg 1 68 68 24 24
1129_0021_0025_0060_0060.jpg 1 21 25 60 60
1130_0028_0033_0043_0043.jpg 1 28 33 43 43
1131_0006_0014_0061_0061.jpg 1 6 14 61 61
1132_0028_0030_0053_0053.jpg 1 28 30 53 53
1133_0027_0030_0049_0049.jpg 1 27 30 49 49
1134_0020_0016_0066_0066.jpg 1 20 16 66 66
1135_0053_0053_0031_0031.jpg 1 53 53 31 31
1136_0018_0005_0064_0064.jpg 1 18 5 64 64
1137_0014_0017_0069_0069.jpg 1 14 17 69 69
1138_0023_0024_0048_0048.jpg 1 23 24 48 48
1139_0022_0007_0048_0048.jpg 1 22 7 48 48
1140_0022_0007_0060_0060.jpg 1 22 7 60 60
1141_0026_0046_0048_0048.jpg 1 26 46 48 48
1142_0014_0053_0037_0037.jpg 1 14 53 37 37
1143_0026_0044_0047_0047.jpg 1 26 44 47 47
1144_0036_0018_0058_0058.jpg 1 36 18 58 58
1145_0016_0041_0024_0024.jpg 1 16 41 24 24
1146_0032_0010_0051_0051.jpg 1 32 10 51 51
1147_0017_0024_0066_0066.jpg 1 17 24 66 66
1148_0014_0051_0037_0037.jpg 1 14 51 37 37
1149_0050_0013_0032_0032.jpg 1 50 13 32 32
1150_0018_0010_0063_0063.jpg 1 18 10 63 63
1151_0014_0023_0039_0039.jpg 1 14 23 39 39
1152_0026_0026_0059_0059.jpg 1 26 26 59 59
1153_0055_0057_0028_0028.jpg 1 55 57 28 28
1154_0035_0019_0044_0044.jpg 1 35 19 44 44
1155_0007_0028_0038_0038.jpg 1 7 28 38 38
1156_0032_0019_0051_0051.jpg 1 32 19 51 51
1157_0010_0014_0041_0041.jpg 1 10 14 41 41
1158_0026_0018_0047_0047.jpg 1 26 18 47 47
1159_0031_0030_0044_0044.jpg 1 31 30 44 44
1160_0029_0043_0046_0046.jpg 1 29 43 46 46
1161_0006_0009_0058_0058.jpg 1 6 9 58 58
1162_0020_0016_0067_0067.jpg 1 20 16 67 67
1163_0050_0023_0037_0037.jpg 1 50 23 37 37
1164_0051_0055_0034_0034.jpg 1 51 55 34 34
1165_0022_0004_0069_0069.jpg 1 22 4 69 69
1166_0023_0024_0057_0057.jpg 1 23 24 57 57
1167_0013_0004_0067_0067.jpg 1 13 4 67 67
1168_0011_0016_0025_0025.jpg 1 11 16 25 25
1169_0024_0030_0029_0029.jpg 1 24 30 29 29
1170_0016_0017_0069_0069.jpg 1 16 17 69 69
1171_0036_0025_0036_0036.jpg 1 36 25 36 36
1172_0031_0016_0060_0060.jpg 1 31 16 60 60
1173_0021_0023_0054_0054.jpg 1 21 23 54 54
1174_0006_0014_0044_0044.jpg 1 6 14 44 44
1175_0022_0047_0037_0037.jpg 1 22 47 37 37
1176_0031_0009_0054_0054.jpg 1 31 9 54 54
1177_0012_0059_0033_0033.jpg 1 12 59 33 33
1178_0047_0046_0027_0027.jpg 1 47 46 27 27
1179_0017_0014_0048_0048.jpg 1 17 14 48 48
1180_0019_0014_0068_0068.jpg 1 19 14 68 68
1181_0041_0053_0039_0039.jpg 1 41 53 39 39
1182_0035_0050_0034_0034.jpg 1 35 50 34 34
1183_0028_0053_0035_0035.jpg 1 28 53 35 35
1184_0040_0065_0026_0026.jpg 1 40 65 26 26
1185_0017_0026_0028_0028.jpg 1 17 26 28 28
1186_0039_0026_0025_0025.jpg 1 39 26 25 25
1187_0031_0030_0047_0047.jpg 1 31 30 47 47
1188_0022_0018_0046_0046.jpg 1 22 18 46 46
1189_0033_0026_0028_0028.jpg 1 33 26 28 28
1190_0020_0009_0062_0062.jpg 1 20 9 62 62
1191_0028_0021_0058_0058.jpg 1 28 21 58 58
1192_0032_0035_0060_0060.jpg 1 32 35 60 60
1193_0006_0019_0054_0054.jpg 1 6 19 54 54
1194_0051_0022_0040_0040.jpg 1 51 22 40 40
1195_0022_0010_0068_0068.jpg 1 22 10 68 68
1196_0018_0025_0037_0037.jpg 1 18 25 37 37
1197_0022_0055_0024_0024.jpg 1 22 55 24 24
1198_0034_0029_0052_0052.jpg 1 34 29 52 52
1199_0006_0006_0066_0066.jpg 1 6 6 66 66
1200_0031_0032_0034_0034.jpg 1 31 32 34 34
1201_0038_0034_0046_0046.jpg 1 38 34 46 46
1202_0012_0028_0047_0047.jpg 1 12 28 47 47
1203_0042_0014_0031_0031.jpg 1 42 14 31 31
1204_0024_0008_0068_0068.jpg 1 24 8 68 68
1205_0008_0022_0048_0048.jpg 1 8 22 48 48
1206_0030_0036_0050_0050.jpg 1 30 36 50 50
1207_0006_0016_0051_0051.jpg 1 6 16 51 51
1208_0005_0017_0046_0046.jpg 1 5 17 46 46
1209_0017_0028_0029_0029.jpg 1 17 28 29 29
1210_0009_0026_0054_0054.jpg 1 9 26 54 54
1211_0024_0020_0049_0049.jpg 1 24 20 49 49
1212_0015_0053_0024_0024.jpg 1 15 53 24 24
1213_0045_0035_0042_0042.jpg 1 45 35 42 42
1214_0051_0030_0030_0030.jpg 1 51 30 30 30
1215_0029_0022_0065_0065.jpg 1 29 22 65 65
1216_0008_0055_0027_0027.jpg 1 8 55 27 27
1217_0032_0016_0061_0061.jpg 1 32 16 61 61
1218_0014_0033_0054_0054.jpg 1 14 33 54 54
1219_0013_0029_0054_0054.jpg 1 13 29 54 54
1220_0040_0006_0053_0053.jpg 1 40 6 53 53
1221_0040_0008_0036_0036.jpg 1 40 8 36 36
1222_0026_0050_0041_0041.jpg 1 26 50 41 41
1223_0038_0037_0053_0053.jpg 1 38 37 53 53
1224_0014_0039_0037_0037.jpg 1 14 39 37 37
1225_0006_0045_0041_0041.jpg 1 6 45 41 41
1226_0036_0058_0026_0026.jpg 1 36 58 26 26
1227_0013_0024_0060_0060.jpg 1 13 24 60 60
1228_0036_0011_0056_0056.jpg 1 36 11 56 56
1229_0036_0038_0047_0047.jpg 1 36 38 47 47
1230_0013_0034_0061_0061.jpg 1 13 34 61 61
1231_0027_0059_0025_0025.jpg 1 27 59 25 25
1232_0015_0004_0058_0058.jpg 1 15 4 58 58
1233_0016_0018_0042_0042.jpg 1 16 18 42 42
1234_0019_0040_0052_0052.jpg 1 19 40 52 52
1235_0056_0039_0036_0036.jpg 1 56 39 36 36
1236_0014_0018_0055_0055.jpg 1 14 18 55 55
1237_0025_0033_0052_0052.jpg 1 25 33 52 52
1238_0025_0008_0050_0050.jpg 1 25 8 50 50
1239_0039_0044_0037_0037.jpg 1 39 44 37 37
1240_0019_0042_0047_0047.jpg 1 19 42 47 47
1241_0011_0010_0026_0026.jpg 1 11 10 26 26
1242_0018_0035_0056_0056.jpg 1 18 35 56 56
1243_0032_0028_0054_0054.jpg 1 32 28 54 54
1244_0029_0039_0043_0043.jpg 1 29 39 43 43
1245_0021_0022_0055_0055.jpg 1 21 22 55 55
1246_0013_0016_0069_0069.jpg 1 13 16 69 69
1247_0032_0017_0027_0027.jpg 1 32 17 27 27
1248_0018_0049_0034_0034.jpg 1 18 49 34 34
1249_0026_0019_0048_0048.jpg 1 26 19 48 48
1250_0030_0040_0033_0033.jpg 1 30 40 33 33
1251_0014_0016_0030_0030.jpg 1 14 16 30 30
1252_0043_0008_0048_0048.jpg 1 43 8 48 48
1253_0029_0023_0041_0041.jpg 1 29 23 41 41
1254_0035_0032_0051_0051.jpg 1 35 32 51 51
1255_0008_0034_0037_0037.jpg 1 8 34 37 37
1256_0023_0043_0045_0045.jpg 1 23 43 45 45
1257_0028_0026_0059_0059.jpg 1 28 26 59 59
1258_0051_0039_0040_0040.jpg 1 51 39 40 40
1259_0034_0020_0040_0040.jpg 1 34 20 40 40
1260_0013_0050_0026_0026.jpg 1 13 50 26 26
1261_0004_0023_0057_0057.jpg 1 4 23 57 57
1262_0035_0015_0052_0052.jpg 1 35 15 52 52
1263_0044_0022_0050_0050.jpg 1 44 22 50 50
1264_0029_0029_0063_0063.jpg 1 29 29 63 63
1265_0016_0012_0069_0069.jpg 1 16 12 69 69
1266_0013_0015_0067_0067.jpg 1 13 15 67 67
1267_0019_0033_0027_0027.jpg 1 19 33 27 27
1268_0037_0033_0040_0040.jpg 1 37 33 40 40
1269_0054_0028_0038_0038.jpg 1 54 28 38 38
1270_0017_0013_0069_0069.jpg 1 17 13 69 69
1271_0025_0016_0047_0047.jpg 1 25 16 47 47
1272_0043_0024_0047_0047.jpg 1 43 24 47 47
1273_0035_0034_0034_0034.jpg 1 35 34 34 34
1274_0024_0025_0048_0048.jpg 1 24 25 48 48
1275_0021_0034_0035_0035.jpg 1 21 34 35 35
1276_0009_0026_0054_0054.jpg 1 9 26 54 54
1277_0010_0057_0026_0026.jpg 1 10 57 26 26
1278_0015_0008_0060_0060.jpg 1 15 8 60 60
1279_0026_0014_0054_0054.jpg 1 26 14 54 54
1280_0005_0047_0047_0047.jpg 1 5 47 47 47
1281_0003_0005_0065_0065.jpg 1 3 5 65 65
1282_0005_0011_0067_0067.jpg 1 5 11 67 67
1283_0047_0033_0037_0037.jpg 1 47 33 37 37
1284_0021_0022_0051_0051.jpg 1 21 22 51 51
1285_0011_0028_0055_0055.jpg 1 11 28 55 55
1286_0009_0010_0049_0049.jpg 1 9 10 49 49
1287_0039_0005_0051_0051.jpg 1 39 5 51 51
1288_0024_0006_0043_0043.jpg 1 24 6 43 43
1289_0025_0054_0026_0026.jpg 1 25 54 26 26
1290_0026_0008_0040_0040.jpg 1 26 8 40 40
1291_0045_0060_0026_0026.jpg 1 45 60 26 26
1292_0020_0056_0026_0026.jpg 1 20 56 26 26
1293_0014_0037_0024_0024.jpg 1 14 37 24 24
1294_0027_0033_0032_0032.jpg 1 27 33 32 32
1295_0021_0035_0050_0050.jpg 1 21 35 50 50
1296_0015_0050_0038_0038.jpg 1 15 50 38 38
1297_0028_0005_0060_0060.jpg 1 28 5 60 60
1298_0022_0026_0066_0066.jpg 1 22 26 66 66
1299_0038_0037_0053_0053.jpg 1 38 37 53 53
1300_0020_0037_0053_0053.jpg 1 20 37 53 53
1301_0038_0038_0047_0047.jpg 1 38 38 47 47
1302_0013_0035_0049_0049.jpg 1 13 35 49 49
1303_0017_0024_0063_0063.jpg 1 17 24 63 63
1304_0037_0030_0056_0056.jpg 1 37 30 56 56
1305_0022_0020_0056_0056.jpg 1 22 20 56 56
1306_0022_0017_0061_0061.jpg 1 22 17 61 61
1307_0026_0021_0031_0031.jpg 1 26 21 31 31
1308_0060_0012_0029_0029.jpg 1 60 12 29 29
1309_0042_0032_0042_0042.jpg 1 42 32 42 42
1310_0007_0026_0067_0067.jpg 1 7 26 67 67
1311_0015_0039_0055_0055.jpg 1 15 39 55 55
1312_0025_0019_0051_0051.jpg 1 25 19 51 51
1313_0041_0041_0031_0031.jpg 1 41 41 31 31
1314_0008_0028_0040_0040.jpg 1 8 28 40 40
1315_0033_0011_0052_0052.jpg 1 33 11 52 52
1316_0032_0022_0029_0029.jpg 1 32 22 29 29
1317_0039_0008_0042_0042.jpg 1 39 8 42 42
1318_0034_0029_0045_0045.jpg 1 34 29 45 45
1319_0023_0056_0030_0030.jpg 1 23 56 30 30
1320_0020_0038_0027_0027.jpg 1 20 38 27 27
1321_0028_0020_0049_0049.jpg 1 28 20 49 49
1322_0033_0035_0057_0057.jpg 1 33 35 57 57
1323_0007_0025_0067_0067.jpg 1 7 25 67 67
1324_0061_0020_0024_0024.jpg 1 61 20 24 24
1325_0041_0029_0050_0050.jpg 1 41 29 50 50
1326_0019_0013_0044_0044.jpg 1 19 13 44 44
1327_0022_0040_0048_0048.jpg 1 22 40 48 48
1328_0038_0027_0053_0053.jpg 1 38 27 53 53
1329_0038_0030_0050_0050.jpg 1 38 30 50 50
1330_0051_0031_0030_0030.jpg 1 51 31 30 30
1331_0042_0035_0042_0042.jpg 1 42 35 42 42
1332_0008_0042_0052_0052.jpg 1 8 42 52 52
1333_0017_0033_0042_0042.jpg 1 17 33 42 42
1334_0030_0039_0032_0032.jpg 1 30 39 32 32
1335_0054_0036_0030_0030.jpg 1 54 36 30 30
1336_0006_0057_0035_0035.jpg 1 6 57 35 35
1337_0021_0020_0035_0035.jpg 1 21 20 35 35
1338_0030_0007_0054_0054.jpg 1 30 7 54 54
1339_0039_0029_0051_0051.jpg 1 39 29 51 51
1340_0027_0023_0066_0066.jpg 1 27 23 66 66
1341_0008_0020_0027_0027.jpg 1 8 20 27 27
1342_0045_0044_0044_0044.jpg 1 45 44 44 44
1343_0035_0026_0030_0030.jpg 1 35 26 30 30
1344_0033_0049_0036_0036.jpg 1 33 49 36 36
1345_0016_0027_0053_0053.jpg 1 16 27 53 53
1346_0008_0053_0030_0030.jpg 1 8 53 30 30
1347_0024_0014_0069_0069.jpg 1 24 14 69 69
1348_0049_0028_0045_0045.jpg 1 49 28 45 45
1349_0023_0037_0055_0055.jpg 1 23 37 55 55
1350_0009_0033_0062_0062.jpg 1 9 33 62 62
1351_0024_0008_0044_0044.jpg 1 24 8 44 44
1352_0025_0030_0066_0066.jpg 1 25 30 66 66
1353_0029_0009_0047_0047.jpg 1 29 9 47 47
1354_0022_0032_0027_0027.jpg 1 22 32 27 27
1355_0052_0023_0026_0026.jpg 1 52 23 26 26
1356_0053_0063_0026_0026.jpg 1 53 63 26 26
1357_0012_0007_0057_0057.jpg 1 12 7 57 57
1358_0019_0023_0050_0050.jpg 1 19 23 50 50
1359_0041_0019_0042_0042.jpg 1 41 19 42 42
1360_0014_0007_0037_0037.jpg 1 14 7 37 37
1361_0006_0021_0051_0051.jpg 1 6 21 51 51
1362_0046_0061_0030_0030.jpg 1 46 61 30 30
1363_0022_0004_0068_0068.jpg 1 22 4 68 68
1364_0012_0007_0064_0064.jpg 1 12 7 64 64
1365_0013_0021_0065_0065.jpg 1 13 21 65 65
1366_0050_0037_0029_0029.jpg 1 50 37 29 29
1367_0018_0027_0050_0050.jpg 1 18 27 50 50
1368_0024_0010_0065_0065.jpg 1 24 10 65 65
1369_0052_0012_0039_0039.jpg 1 52 12 39 39
1370_0035_0029_0044_0044.jpg 1 35 29 44 44
1371_0010_0029_0026_0026.jpg 1 10 29 26 26
1372_0048_0055_0026_0026.jpg 1 48 55 26 26
1373_0026_0058_0029_0029.jpg 1 26 58 29 29
1374_0047_0026_0041_0041.jpg 1 47 26 41 41
1375_0018_0011_0034_0034.jpg 1 18 11 34 34
1376_0043_0050_0043_0043.jpg 1 43 50 43 43
1377_0015_0026_0038_0038.jpg 1 15 26 38 38
1378_0008_0020_0044_0044.jpg 1 8 20 44 44
1379_0016_0012_0065_0065.jpg 1 16 12 65 65
1380_0003_0008_0069_0069.jpg 1 3 8 69 69
1381_0018_0014_0052_0052.jpg 1 18 14 52 52
1382_0022_0014_0067_0067.jpg 1 22 14 67 67
1383_0034_0008_0028_0028.jpg 1 34 8 28 28
1384_0034_0055_0033_0033.jpg 1 34 55 33 33
1385_0036_0022_0045_0045.jpg 1 36 22 45 45
1386_0022_0012_0042_0042.jpg 1 22 12 42 42
1387_0055_0015_0037_0037.jpg 1 55 15 37 37
1388_0004_0020_0067_0067.jpg 1 4 20 67 67
1389_0014_0012_0034_0034.jpg 1 14 12 34 34
1390_0010_0057_0024_0024.jpg 1 10 57 24 24
1391_0012_0010_0043_0043.jpg 1 12 10 43 43
1392_0029_0025_0035_0035.jpg 1 29 25 35 35
1393_0016_0034_0038_0038.jpg 1 16 34 38 38
1394_0022_0027_0044_0044.jpg 1 22 27 44 44
1395_0023_0044_0035_0035.jpg 1 23 44 35 35
1396_0033_0012_0061_0061.jpg 1 33 12 61 61
1397_0012_0042_0042_0042.jpg 1 12 42 42 42
1398_0018_0019_0041_0041.jpg 1 18 19 41 41
1399_0028_0012_0065_0065.jpg 1 28 12 65 65
1400_0017_0032_0050_0050.jpg 1 17 32 50 50
1401_0012_0009_0034_0034.jpg 1 12 9 34 34
1402_0011_0015_0026_0026.jpg 1 11 15 26 26
1403_0025_0045_0044_0044.jpg 1 25 45 44 44
1404_0008_0020_0043_0043.jpg 1 8 20 43 43
1405_0027_0039_0040_0040.jpg 1 27 39 40 40
1406_0024_0029_0048_0048.jpg 1 24 29 48 48
1407_0011_0025_0048_0048.jpg 1 11 25 48 48
1408_0021_0008_0066_0066.jpg 1 21 8 66 66
1409_0007_0006_0056_0056.jpg 1 7 6 56 56
1410_0011_0030_0060_0060.jpg 1 11 30 60 60
1411_0060_0059_0026_0026.jpg 1 60 59 26 26
1412_0035_0016_0030_0030.jpg 1 35 16 30 30
1413_0032_0026_0064_0064.jpg 1 32 26 64 64
1414_0004_0031_0056_0056.jpg 1 4 31 56 56
1415_0014_0005_0055_0055.jpg 1 14 5 55 55
1416_0011_0008_0044_0044.jpg 1 11 8 44 44
1417_0054_0047_0035_0035.jpg 1 54 47 35 35
1418_0024_0008_0059_0059.jpg 1 24 8 59 59
1419_0036_0046_0030_0030.jpg 1 36 46 30 30
1420_0011_0061_0031_0031.jpg 1 11 61 31 31
1421_0051_0057_0029_0029.jpg 1 51 57 29 29
1422_0017_0029_0031_0031.jpg 1 17 29 31 31
1423_0010_0026_0068_0068.jpg 1 10 26 68 68
1424_0018_0047_0026_0026.jpg 1 18 47 26 26
1425_0028_0016_0026_0026.jpg 1 28 16 26 26
1426_0023_0058_0033_0033.jpg 1 23 58 33 33
1427_0032_0042_0031_0031.jpg 1 32 42 31 31
1428_0034_0039_0047_0047.jpg 1 34 39 47 47
1429_0027_0015_0057_0057.jpg 1 27 15 57 57
1430_0023_0021_0059_0059.jpg 1 23 21 59 59
1431_0020_0015_0050_0050.jpg 1 20 15 50 50
1432_0024_0008_0061_0061.jpg 1 24 8 61 61
1433_0025_0029_0044_0044.jpg 1 25 29 44 44
1434_0034_0040_0045_0045.jpg 1 34 40 45 45
1435_0020_0033_0029_0029.jpg 1 20 33 29 29
1436_0009_0020_0057_0057.jpg 1 9 20 57 57
1437_0048_0049_0028_0028.jpg 1 48 49 28 28
1438_0061_0058_0028_0028.jpg 1 61 58 28 28
1439_0018_0021_0040_0040.jpg 1 18 21 40 40
1440_0040_0006_0055_0055.jpg 1 40 6 55 55
1441_0042_0053_0034_0034.jpg 1 42 53 34 34
1442_0004_0011_0068_0068.jpg 1 4 11 68 68
1443_0026_0009_0051_0051.jpg 1 26 9 51 51
1444_0038_0011_0024_0024.jpg 1 38 11 24 24
1445_0028_0006_0067_0067.jpg 1 28 6 67 67
1446_0028_0036_0031_0031.jpg 1 28 36 31 31
1447_0029_0013_0060_0060.jpg 1 29 13 60 60
1448_0025_0020_0067_0067.jpg 1 25 20 67 67
1449_0024_0047_0030_0030.jpg 1 24 47 30 30
1450_0006_0028_0054_0054.jpg 1 6 28 54 54
1451_0012_0041_0034_0034.jpg 1 12 41 34 34
1452_0005_0007_0061_0061.jpg 1 5 7 61 61
1453_0016_0045_0043_0043.jpg 1 16 45 43 43
1454_0007_0019_0033_0033.jpg 1 7 19 33 33
1455_0026_0021_0063_0063.jpg 1 26 21 63 63
1456_0039_0019_0044_0044.jpg 1 39 19 44 44
1457_0035_0024_0031_0031.jpg 1 35 24 31 31
1458_0026_0033_0043_0043.jpg 1 26 33 43 43
1459_0036_0008_0031_0031.jpg 1 36 8 31 31
1460_0012_0005_0061_0061.jpg 1 12 5 61 61
1461_0005_0018_0051_0051.jpg 1 5 18 51 51
1462_0028_0049_0029_0029.jpg 1 28 49 29 29
1463_0009_0039_0039_0039.jpg 1 9 39 39 39
1464_0028_0022_0068_0068.jpg 1 28 22 68 68
1465_0040_0030_0049_0049.jpg 1 40 30 49 49
1466_0050_0017_0024_0024.jpg 1 50 17 24 24
1467_0008_0029_0048_0048.jpg 1 8 29 48 48
1468_0053_0039_0034_0034.jpg 1 53 39 34 34
1469_0018_0017_0061_0061.jpg 1 18 17 61 61
1470_0035_0031_0055_0055.jpg 1 35 31 55 55
1471_0017_0021_0062_0062.jpg 1 17 21 62 62
1472_0027_0041_0051_0051.jpg 1 27 41 51 51
1473_0047_0017_0028_0028.jpg 1 47 17 28 28
1474_0018_0005_0067_0067.jpg 1 18 5 67 67
1475_0005_0029_0063_0063.jpg 1 5 29 63 63
1476_0015_0008_0027_0027.jpg 1 15 8 27 27
1477_0007_0031_0028_0028.jpg 1 7 31 28 28
1478_0039_0055_0032_0032.jpg 1 39 55 32 32
1479_0013_0014_0061_0061.jpg 1 13 14 61 61
1480_0009_0023_0063_0063.jpg 1 9 23 63 63
1481_0022_0039_0033_0033.jpg 1 22 39 33 33
1482_0042_0013_0046_0046.jpg 1 42 13 46 46
1483_0038_0048_0037_0037.jpg 1 38 48 37 37
1484_0050_0044_0031_0031.jpg 1 50 44 31 31
1485_0034_0018_0051_0051.jpg 1 34 18 51 51
1486_0029_0003_0064_0064.jpg 1 29 3 64 64
1487_0024_0024_0064_0064.jpg 1 24 24 64 64
1488_0025_0040_0048_0048.jpg 1 25 40 48 48
1489_0032_0023_0048_0048.jpg 1 32 23 48 48
1490_0035_0031_0029_0029.jpg 1 35 31 29 29
1491_0044_0036_0041_0041.jpg 1 44 36 41 41
1492_0045_0047_0028_0028.jpg 1 45 47 28 28
1493_0014_0019_0041_0041.jpg 1 14 19 41 41
1494_0038_0013_0044_0044.jpg 1 38 13 44 44
1495_0041_0058_0025_0025.jpg 1 41 58 25 25
1496_0056_0011_0032_0032.jpg 1 56 11 32 32
1497_0026_0032_0038_0038.jpg 1 26 32 38 38
1498_0035_0033_0056_0056.jpg 1 35 33 56 56
1499_0007_0061_0031_0031.jpg 1 7 61 31 31
1500_0033_0022_0058_0058.jpg 1 33 22 58 58
